500
0
1
eji-a 12
1
2
a-b 4
ejj-b 2
2
1
b-c 5
3
2
c-d 3
ejj-d 1
4
1
d-e 7
5
2
e-f 2
ejj-f 1
6
1
f-g 8
7
2
ejj-h 4
g-h 3
8
1
h-i 14
9
2
i-j 5
ejj-j 1
10
1
j-ba 12
11
2
ba-bb 4
ejj-bb 2
12
1
bb-bc 11
13
2
bc-bd 4
ejj-bd 2
14
1
bd-be 11
15
2
be-bf 4
ejj-bf 1
16
1
bf-bg 13
17
2
bg-bh 5
ejj-bh 2
18
1
bh-bi 12
19
2
bi-bj 4
ejj-bj 2
20
1
bj-ca 9
21
2
ca-cb 3
ejj-cb 2
22
1
cb-cc 9
23
2
cc-cd 2
ejj-cd 2
24
1
cd-ce 8
25
2
ejj-cf 3
ce-cf 2
26
1
cf-cg 11
27
2
cg-ch 4
ejj-ch 2
28
1
ch-ci 10
29
2
ci-cj 4
ejj-cj 2
30
1
cj-da 11
31
2
da-db 5
ejj-db 3
32
1
db-dc 17
33
2
dc-dd 7
ejj-dd 1
34
1
dd-de 14
35
2
de-df 5
ejj-df 1
36
1
df-dg 13
37
2
dg-dh 5
ejj-dh 3
38
1
dh-di 11
39
2
di-dj 4
ejj-dj 2
40
1
dj-ea 14
41
2
ea-eb 5
ejj-eb 2
42
1
eb-ec 11
43
2
ec-ed 5
ejj-ed 1
44
1
ed-ee 11
45
2
ee-ef 4
ejj-ef 2
46
1
ef-eg 7
47
2
ejj-eh 3
eg-eh 1
48
1
eh-ei 8
49
2
ei-ej 5
ejj-ej 3
50
1
ej-fa 17
51
2
fa-fb 7
ejj-fb 2
52
1
fb-fc 12
53
1
fc-fd 9
54
1
fd-fe 9
55
2
fe-ff 2
ejj-ff 2
56
1
ff-fg 6
57
2
ejj-fh 2
fg-fh 2
58
1
fh-fi 8
59
2
fi-fj 5
ejj-fj 2
60
1
fj-ga 12
61
2
ga-gb 3
ejj-gb 3
62
1
gb-gc 10
63
2
gc-gd 4
ejj-gd 2
64
1
gd-ge 10
65
2
ge-gf 5
ejj-gf 1
66
1
gf-gg 14
67
2
gg-gh 5
ejj-gh 1
68
1
gh-gi 11
69
2
gi-gj 5
ejj-gj 1
70
1
gj-ha 13
71
2
ha-hb 6
ejj-hb 2
72
1
hb-hc 16
73
2
hc-hd 6
ejj-hd 2
74
1
hd-he 12
75
2
he-hf 5
ejj-hf 1
76
1
hf-hg 14
77
2
hg-hh 3
ejj-hh 2
78
1
hh-hi 11
79
2
hi-hj 2
ejj-hj 1
80
1
hj-ia 5
81
2
ia-ib 2
ejj-ib 1
82
1
ib-ic 7
83
2
ic-id 3
ejj-id 2
84
1
id-ie 9
85
2
ie-if 3
ejj-if 2
86
1
if-ig 10
87
2
ig-ih 3
ejj-ih 2
88
1
ih-ii 6
89
2
ejj-ij 2
ii-ij 2
90
1
ij-ja 8
91
2
ja-jb 2
ejj-jb 2
92
1
jb-jc 8
93
2
jc-jd 5
ejj-jd 2
94
1
jd-je 11
95
2
je-jf 6
ejj-jf 1
96
1
jf-jg 13
97
2
jg-jh 4
ejj-jh 3
98
1
jh-ji 15
99
2
ji-jj 6
ejj-jj 1
100
1
jj-baa 11
101
2
baa-bab 4
ejj-bab 1
102
1
bab-bac 7
103
2
bac-bad 3
ejj-bad 2
104
1
bad-bae 8
105
2
bae-baf 3
ejj-baf 1
106
1
baf-bag 9
107
2
bag-bah 4
ejj-bah 2
108
1
bah-bai 10
109
2
bai-baj 4
ejj-baj 2
110
1
baj-bba 11
111
2
bba-bbb 3
ejj-bbb 1
112
1
bbb-bbc 7
113
2
bbc-bbd 3
ejj-bbd 2
114
1
bbd-bbe 7
115
2
bbe-bbf 2
ejj-bbf 2
116
1
bbf-bbg 4
117
2
bbg-bbh 1
ejj-bbh 1
118
1
bbh-bbi 3
119
2
bbi-bbj 2
ejj-bbj 2
120
1
bbj-bca 5
121
2
bca-bcb 2
ejj-bcb 1
122
1
bcb-bcc 6
123
2
ejj-bcd 3
bcc-bcd 2
124
1
bcd-bce 7
125
2
bce-bcf 2
ejj-bcf 1
126
1
bcf-bcg 5
127
2
bcg-bch 2
ejj-bch 1
128
1
bch-bci 8
129
2
ejj-bcj 2
bci-bcj 2
130
1
bcj-bda 8
131
2
bda-bdb 3
ejj-bdb 2
132
1
bdb-bdc 9
133
2
bdc-bdd 3
ejj-bdd 2
134
1
bdd-bde 15
135
2
bde-bdf 5
ejj-bdf 2
136
1
bdf-bdg 13
137
2
bdg-bdh 5
ejj-bdh 2
138
1
bdh-bdi 11
139
2
bdi-bdj 4
ejj-bdj 2
140
1
bdj-bea 13
141
2
bea-beb 3
ejj-beb 1
142
1
beb-bec 10
143
2
bec-bed 4
ejj-bed 2
144
1
bed-bee 8
145
2
bee-bef 2
ejj-bef 2
146
1
bef-beg 8
147
2
beg-beh 3
ejj-beh 2
148
1
beh-bei 8
149
2
bei-bej 3
ejj-bej 2
150
1
bej-bfa 10
151
2
bfa-bfb 4
ejj-bfb 1
152
1
bfb-bfc 9
153
2
bfc-bfd 3
ejj-bfd 2
154
1
bfd-bfe 9
155
2
bfe-bff 3
ejj-bff 2
156
1
bff-bfg 10
157
2
bfg-bfh 4
ejj-bfh 2
158
1
bfh-bfi 12
159
2
bfi-bfj 3
ejj-bfj 2
160
1
bfj-bga 8
161
1
bga-bgb 5
162
1
bgb-bgc 6
163
2
bgc-bgd 3
ejj-bgd 2
164
1
bgd-bge 9
165
2
bge-bgf 2
ejj-bgf 2
166
1
bgf-bgg 8
167
2
bgg-bgh 3
ejj-bgh 2
168
1
bgh-bgi 11
169
2
bgi-bgj 4
ejj-bgj 1
170
1
bgj-bha 9
171
2
bha-bhb 2
ejj-bhb 1
172
1
bhb-bhc 11
173
2
bhc-bhd 5
ejj-bhd 1
174
1
bhd-bhe 13
175
2
bhe-bhf 2
ejj-bhf 1
176
1
bhf-bhg 9
177
2
bhg-bhh 3
ejj-bhh 3
178
1
bhh-bhi 9
179
2
bhi-bhj 4
ejj-bhj 1
180
1
bhj-bia 9
181
2
bia-bib 2
ejj-bib 1
182
1
bib-bic 8
183
2
bic-bid 2
ejj-bid 1
184
1
bid-bie 7
185
2
bie-bif 2
ejj-bif 2
186
1
bif-big 10
187
2
big-bih 4
ejj-bih 2
188
1
bih-bii 12
189
2
ejj-bij 4
bii-bij 4
190
1
bij-bja 15
191
2
bja-bjb 6
ejj-bjb 1
192
1
bjb-bjc 16
193
2
bjc-bjd 6
ejj-bjd 2
194
1
bjd-bje 15
195
2
bje-bjf 6
ejj-bjf 1
196
1
bjf-bjg 13
197
2
bjg-bjh 5
ejj-bjh 2
198
1
bjh-bji 11
199
2
bji-bjj 3
ejj-bjj 2
200
1
bjj-caa 10
201
2
caa-cab 3
ejj-cab 2
202
1
cab-cac 7
203
2
cac-cad 2
ejj-cad 1
204
1
cad-cae 9
205
2
cae-caf 2
ejj-caf 2
206
1
caf-cag 6
207
2
cag-cah 2
ejj-cah 1
208
1
cah-cai 2
209
2
cai-caj 1
ejj-caj 1
210
1
caj-cba 5
211
2
cba-cbb 2
ejj-cbb 2
212
1
cbb-cbc 3
213
2
cbc-cbd 2
ejj-cbd 1
214
1
cbd-cbe 7
215
2
cbe-cbf 1
ejj-cbf 1
216
1
cbf-cbg 5
217
2
ejj-cbh 2
cbg-cbh 2
218
1
cbh-cbi 9
219
2
cbi-cbj 5
ejj-cbj 2
220
1
cbj-cca 15
221
2
cca-ccb 6
ejj-ccb 1
222
1
ccb-ccc 12
223
2
ccc-ccd 4
ejj-ccd 2
224
1
ccd-cce 13
225
2
cce-ccf 5
ejj-ccf 2
226
1
ccf-ccg 11
227
2
ccg-cch 5
ejj-cch 2
228
1
cch-cci 11
229
2
cci-ccj 5
ejj-ccj 3
230
1
ccj-cda 15
231
2
cda-cdb 5
ejj-cdb 2
232
1
cdb-cdc 8
233
2
cdc-cdd 3
ejj-cdd 2
234
1
cdd-cde 11
235
2
cde-cdf 5
ejj-cdf 2
236
1
cdf-cdg 12
237
2
cdg-cdh 4
ejj-cdh 2
238
1
cdh-cdi 12
239
2
ejj-cdj 5
cdi-cdj 4
240
1
cdj-cea 18
241
2
cea-ceb 7
ejj-ceb 2
242
1
ceb-cec 13
243
2
cec-ced 5
ejj-ced 1
244
1
ced-cee 14
245
2
cee-cef 5
ejj-cef 2
246
1
cef-ceg 11
247
2
ceg-ceh 4
ejj-ceh 2
248
1
ceh-cei 8
249
1
cei-cej 6
250
1
cej-cfa 8
251
2
cfa-cfb 2
ejj-cfb 1
252
1
cfb-cfc 3
253
2
ejj-cfd 2
cfc-cfd 2
254
1
cfd-cfe 5
255
2
cfe-cff 2
ejj-cff 1
256
1
cff-cfg 7
257
2
cfg-cfh 4
ejj-cfh 2
258
1
cfh-cfi 9
259
2
cfi-cfj 4
ejj-cfj 2
260
1
cfj-cga 10
261
2
cga-cgb 4
ejj-cgb 2
262
1
cgb-cgc 9
263
2
cgc-cgd 4
ejj-cgd 4
264
1
cgd-cge 13
265
2
cge-cgf 5
ejj-cgf 1
266
1
cgf-cgg 11
267
2
cgg-cgh 5
ejj-cgh 1
268
1
cgh-cgi 6
269
1
cgi-cgj 5
270
1
cgj-cha 7
271
2
ejj-chb 2
cha-chb 2
272
1
chb-chc 9
273
2
chc-chd 3
ejj-chd 2
274
1
chd-che 8
275
2
che-chf 5
ejj-chf 3
276
1
chf-chg 17
277
2
chg-chh 5
ejj-chh 2
278
1
chh-chi 10
279
2
chi-chj 4
ejj-chj 3
280
1
chj-cia 14
281
2
cia-cib 8
ejj-cib 1
282
1
cib-cic 20
283
2
cic-cid 9
ejj-cid 1
284
1
cid-cie 15
285
2
cie-cif 4
ejj-cif 2
286
1
cif-cig 12
287
2
cig-cih 5
ejj-cih 2
288
1
cih-cii 9
289
1
cii-cij 8
290
1
cij-cja 8
291
2
cja-cjb 2
ejj-cjb 2
292
1
cjb-cjc 9
293
2
cjc-cjd 4
ejj-cjd 2
294
1
cjd-cje 11
295
2
cje-cjf 2
ejj-cjf 1
296
1
cjf-cjg 5
297
2
cjg-cjh 3
ejj-cjh 1
298
1
cjh-cji 8
299
2
cji-cjj 3
ejj-cjj 2
300
1
cjj-daa 10
301
2
daa-dab 3
ejj-dab 2
302
1
dab-dac 5
303
2
dac-dad 2
ejj-dad 2
304
1
dad-dae 10
305
2
dae-daf 4
ejj-daf 2
306
1
daf-dag 11
307
2
dag-dah 4
ejj-dah 3
308
1
dah-dai 15
309
2
dai-daj 5
ejj-daj 2
310
1
daj-dba 16
311
2
dba-dbb 5
ejj-dbb 4
312
1
dbb-dbc 13
313
2
dbc-dbd 5
ejj-dbd 2
314
1
dbd-dbe 13
315
2
dbe-dbf 4
ejj-dbf 1
316
1
dbf-dbg 11
317
2
dbg-dbh 4
ejj-dbh 2
318
1
dbh-dbi 11
319
2
dbi-dbj 5
ejj-dbj 2
320
1
dbj-dca 14
321
2
dca-dcb 3
ejj-dcb 2
322
1
dcb-dcc 10
323
2
dcc-dcd 6
ejj-dcd 1
324
1
dcd-dce 12
325
2
dce-dcf 3
ejj-dcf 1
326
1
dcf-dcg 7
327
2
dcg-dch 3
ejj-dch 2
328
1
dch-dci 7
329
2
dci-dcj 3
ejj-dcj 2
330
1
dcj-dda 10
331
2
dda-ddb 4
ejj-ddb 2
332
1
ddb-ddc 13
333
2
ddc-ddd 5
ejj-ddd 2
334
1
ddd-dde 10
335
2
dde-ddf 4
ejj-ddf 3
336
1
ddf-ddg 14
337
2
ddg-ddh 4
ejj-ddh 2
338
1
ddh-ddi 9
339
2
ddi-ddj 3
ejj-ddj 1
340
1
ddj-dea 9
341
2
ejj-deb 2
dea-deb 2
342
1
deb-dec 8
343
2
dec-ded 4
ejj-ded 3
344
1
ded-dee 14
345
2
dee-def 5
ejj-def 2
346
1
def-deg 14
347
2
deg-deh 6
ejj-deh 2
348
1
deh-dei 8
349
2
dei-dej 3
ejj-dej 2
350
1
dej-dfa 6
351
1
dfa-dfb 6
352
1
dfb-dfc 6
353
2
dfc-dfd 1
ejj-dfd 2
354
1
dfd-dfe 3
355
2
dfe-dff 2
ejj-dff 1
356
1
dff-dfg 4
357
2
dfg-dfh 2
ejj-dfh 2
358
1
dfh-dfi 10
359
2
dfi-dfj 4
ejj-dfj 3
360
1
dfj-dga 15
361
2
dga-dgb 5
ejj-dgb 2
362
1
dgb-dgc 13
363
2
dgc-dgd 7
ejj-dgd 2
364
1
dgd-dge 16
365
2
dge-dgf 6
ejj-dgf 2
366
1
dgf-dgg 14
367
2
dgg-dgh 7
ejj-dgh 2
368
1
dgh-dgi 17
369
2
dgi-dgj 6
ejj-dgj 3
370
1
dgj-dha 17
371
2
dha-dhb 6
ejj-dhb 1
372
1
dhb-dhc 12
373
2
dhc-dhd 5
ejj-dhd 2
374
1
dhd-dhe 14
375
2
dhe-dhf 5
ejj-dhf 2
376
1
dhf-dhg 15
377
2
dhg-dhh 6
ejj-dhh 2
378
1
dhh-dhi 14
379
2
dhi-dhj 6
ejj-dhj 2
380
1
dhj-dia 10
381
2
dia-dib 4
ejj-dib 2
382
1
dib-dic 9
383
2
dic-did 4
ejj-did 2
384
1
did-die 12
385
2
die-dif 4
ejj-dif 2
386
1
dif-dig 9
387
2
dig-dih 4
ejj-dih 2
388
1
dih-dii 14
389
2
dii-dij 7
ejj-dij 2
390
1
dij-dja 18
391
2
dja-djb 6
ejj-djb 3
392
1
djb-djc 17
393
2
djc-djd 6
ejj-djd 1
394
1
djd-dje 14
395
1
dje-djf 13
396
1
djf-djg 13
397
2
djg-djh 3
ejj-djh 2
398
1
djh-dji 8
399
2
dji-djj 3
ejj-djj 2
400
1
djj-eaa 10
401
2
eaa-eab 4
ejj-eab 2
402
1
eab-eac 10
403
2
eac-ead 4
ejj-ead 2
404
1
ead-eae 12
405
2
eae-eaf 2
ejj-eaf 2
406
1
eaf-eag 8
407
2
eag-eah 6
ejj-eah 2
408
1
eah-eai 11
409
2
eai-eaj 3
ejj-eaj 3
410
1
eaj-eba 15
411
2
eba-ebb 6
ejj-ebb 2
412
1
ebb-ebc 17
413
2
ebc-ebd 7
ejj-ebd 2
414
1
ebd-ebe 20
415
2
ebe-ebf 6
ejj-ebf 2
416
1
ebf-ebg 17
417
2
ebg-ebh 5
ejj-ebh 3
418
1
ebh-ebi 17
419
2
ebi-ebj 6
ejj-ebj 1
420
1
ebj-eca 15
421
2
eca-ecb 4
ejj-ecb 1
422
1
ecb-ecc 9
423
2
ecc-ecd 3
ejj-ecd 2
424
1
ecd-ece 12
425
2
ece-ecf 3
ejj-ecf 2
426
1
ecf-ecg 9
427
2
ecg-ech 4
ejj-ech 1
428
1
ech-eci 9
429
2
eci-ecj 3
ejj-ecj 1
430
1
ecj-eda 7
431
2
eda-edb 3
ejj-edb 3
432
1
edb-edc 10
433
2
edc-edd 5
ejj-edd 2
434
1
edd-ede 15
435
2
ede-edf 5
ejj-edf 1
436
1
edf-edg 11
437
2
edg-edh 5
ejj-edh 1
438
1
edh-edi 9
439
2
edi-edj 4
ejj-edj 1
440
1
edj-eea 10
441
2
eea-eeb 3
ejj-eeb 2
442
1
eeb-eec 10
443
2
eec-eed 4
ejj-eed 2
444
1
eed-eee 9
445
2
eee-eef 3
ejj-eef 2
446
1
eef-eeg 10
447
2
eeg-eeh 4
ejj-eeh 2
448
1
eeh-eei 9
449
1
eei-eej 4
450
1
eej-efa 3
451
2
efa-efb 1
ejj-efb 1
452
1
efb-efc 6
453
2
ejj-efd 3
efc-efd 2
454
1
efd-efe 11
455
2
efe-eff 3
ejj-eff 2
456
1
eff-efg 11
457
2
efg-efh 5
ejj-efh 2
458
1
efh-efi 13
459
2
efi-efj 5
ejj-efj 2
460
1
efj-ega 11
461
2
ega-egb 5
ejj-egb 1
462
1
egb-egc 10
463
2
egc-egd 3
ejj-egd 1
464
1
egd-ege 6
465
2
ege-egf 2
ejj-egf 2
466
1
egf-egg 5
467
2
ejj-egh 3
egg-egh 2
468
1
egh-egi 10
469
2
egi-egj 3
ejj-egj 1
470
1
egj-eha 6
471
2
eha-ehb 3
ejj-ehb 2
472
1
ehb-ehc 12
473
2
ehc-ehd 5
ejj-ehd 2
474
1
ehd-ehe 11
475
2
ehe-ehf 5
ejj-ehf 1
476
1
ehf-ehg 12
477
2
ehg-ehh 3
ejj-ehh 1
478
1
ehh-ehi 10
479
2
ehi-ehj 3
ejj-ehj 2
480
1
ehj-eia 11
481
2
eia-eib 3
ejj-eib 1
482
1
eib-eic 8
483
2
eic-eid 4
ejj-eid 2
484
1
eid-eie 8
485
2
eie-eif 2
ejj-eif 1
486
1
eif-eig 5
487
1
eig-eih 5
488
1
eih-eii 8
489
2
ejj-eij 3
eii-eij 2
490
1
eij-eja 11
491
2
eja-ejb 3
ejj-ejb 3
492
1
ejb-ejc 11
493
2
ejc-ejd 4
ejj-ejd 3
494
1
ejd-eje 15
495
2
eje-ejf 5
ejj-ejf 2
496
1
ejf-ejg 15
497
2
ejg-ejh 4
ejj-ejh 1
498
1
ejh-eji 12
499
225
dba-ejj 1
cdg-ejj 2
dca-ejj 2
he-ejj 1
bac-ejj 2
ebg-ejj 1
i-ejj 1
bc-ejj 2
bi-ejj 1
ca-ejj 1
ee-ejj 1
ge-ejj 1
ha-ejj 2
ji-ejj 2
bea-ejj 1
bgg-ejj 2
bha-ejj 2
bhe-ejj 1
bic-ejj 1
chg-ejj 1
cje-ejj 2
dai-ejj 1
dhc-ejj 2
dhe-ejj 1
ebe-ejj 1
eii-ejj 1
dc-ejj 2
dg-ejj 1
ec-ejj 1
eg-ejj 2
fe-ejj 2
hc-ejj 1
bae-ejj 1
bbc-ejj 2
bbg-ejj 1
bde-ejj 2
bec-ejj 1
bee-ejj 1
bei-ejj 2
bhc-ejj 2
bii-ejj 1
bje-ejj 2
caa-ejj 1
cae-ejj 1
ccg-ejj 2
cdi-ejj 2
ceg-ejj 1
cfa-ejj 1
chc-ejj 2
cie-ejj 1
cii-ejj 2
cja-ejj 2
dag-ejj 1
dfg-ejj 1
die-ejj 2
dja-ejj 1
eai-ejj 1
edi-ejj 2
eia-ejj 2
ejg-ejj 1
e-ejj 1
ba-ejj 1
cc-ejj 1
ci-ejj 1
fc-ejj 2
gi-ejj 1
hg-ejj 2
hi-ejj 1
ja-ejj 1
je-ejj 2
bag-ejj 2
bba-ejj 2
bcg-ejj 1
bfa-ejj 2
bfi-ejj 2
bge-ejj 1
bgi-ejj 2
bia-ejj 2
bie-ejj 2
cac-ejj 2
ccc-ejj 1
cci-ejj 1
cea-ejj 1
cee-ejj 1
cei-ejj 2
cge-ejj 2
cgi-ejj 1
cic-ejj 1
cjc-ejj 2
cjg-ejj 2
dac-ejj 2
dce-ejj 2
dcg-ejj 2
ddc-ejj 2
dde-ejj 2
ddi-ejj 2
dea-ejj 2
dei-ejj 2
dfi-ejj 2
dge-ejj 1
dhg-ejj 1
dii-ejj 1
djg-ejj 1
eae-ejj 2
eag-ejj 2
eca-ejj 2
ede-ejj 1
eeg-ejj 2
eei-ejj 2
efc-ejj 1
efe-ejj 1
efi-ejj 1
ege-ejj 1
egg-ejj 1
ehe-ejj 1
eie-ejj 1
eja-ejj 2
ejc-ejj 1
a-ejj 2
g-ejj 2
ce-ejj 1
di-ejj 1
fa-ejj 2
ga-ejj 1
gc-ejj 1
gg-ejj 1
ia-ejj 1
ic-ejj 1
ig-ejj 1
jg-ejj 2
baa-ejj 1
bai-ejj 2
bbe-ejj 2
bda-ejj 1
bdc-ejj 2
bdg-ejj 1
bdi-ejj 1
beg-ejj 2
bfc-ejj 1
bfe-ejj 2
bfg-ejj 2
bga-ejj 1
bhg-ejj 1
big-ejj 2
bja-ejj 1
bjc-ejj 1
bjg-ejj 1
cbe-ejj 1
cbg-ejj 1
cce-ejj 1
cde-ejj 2
cha-ejj 1
che-ejj 1
cia-ejj 1
cji-ejj 1
daa-ejj 1
dbg-ejj 2
dda-ejj 1
ddg-ejj 2
dee-ejj 1
dfc-ejj 1
dga-ejj 2
dgi-ejj 2
dha-ejj 2
dhi-ejj 2
dia-ejj 1
djc-ejj 1
dje-ejj 1
eaa-ejj 2
eac-ejj 1
eba-ejj 2
ebc-ejj 1
ecc-ejj 2
ece-ejj 1
eea-ejj 1
egi-ejj 2
eha-ejj 2
ehg-ejj 2
ehi-ejj 2
eje-ejj 2
eji-ejj 1
be-ejj 1
cg-ejj 2
de-ejj 2
fg-ejj 1
fi-ejj 1
ie-ejj 1
jc-ejj 2
bcc-ejj 1
bci-ejj 1
bgc-ejj 1
bhi-ejj 2
cbc-ejj 1
cca-ejj 2
cda-ejj 2
cdc-ejj 1
cec-ejj 2
cfc-ejj 1
cfg-ejj 2
cfi-ejj 1
cgc-ejj 2
cgg-ejj 2
chi-ejj 2
cig-ejj 2
dae-ejj 1
dcc-ejj 1
dci-ejj 1
dec-ejj 2
deg-ejj 2
dic-ejj 2
dig-ejj 2
dji-ejj 2
ebi-ejj 1
ecg-ejj 1
eci-ejj 1
eda-ejj 2
edc-ejj 1
edg-ejj 2
eec-ejj 1
eee-ejj 1
efa-ejj 2
egc-ejj 2
ehc-ejj 1
eic-ejj 1
eig-ejj 2
