1643
0
1
cd-a 2
1
2
dab-b 15
ehb-b 2
2
6
fcd-c 6
dgj-c 1
dgc-c 2
bi-c 1
di-c 1
bih-c 1
3
6
ii-d 3
bcb-d 2
cd-d 2
hcj-d 2
bjg-d 2
cbd-d 2
4
3
hic-e 22
d-e 2
cba-e 1
5
7
bdjf-f 2
jbb-f 1
e-f 1
bc-f 1
ff-f 1
bda-f 1
jcc-f 2
6
6
gic-g 2
iee-g 1
eie-g 2
ehc-g 1
bfg-g 1
bedj-g 2
7
1
bfa-h 2
8
3
geg-i 13
gie-i 3
bahi-i 1
9
4
fbj-j 15
heg-j 2
bi-j 1
ce-j 1
10
2
bdi-ba 1
dhf-ba 1
11
8
bee-bb 2
bcef-bb 1
bgf-bb 2
cd-bb 2
bae-bb 1
bcb-bb 1
bcea-bb 1
gc-bb 2
12
6
dgf-bc 2
hbf-bc 2
daa-bc 1
ccj-bc 1
ddf-bc 2
baid-bc 1
13
3
bejh-bd 2
cch-bd 2
cjb-bd 2
14
4
beai-be 9
bbbj-be 1
babg-be 2
fec-be 1
15
2
hi-bf 4
dh-bf 1
16
7
bdii-bg 2
gge-bg 2
bi-bg 2
jf-bg 2
iag-bg 2
fib-bg 1
baae-bg 1
17
3
ihi-bh 10
bgeh-bh 2
hjd-bh 1
18
5
fic-bi 18
babg-bi 16
feh-bi 1
hej-bi 2
bc-bi 1
19
8
dhf-bj 2
bc-bj 2
db-bj 2
cii-bj 2
ch-bj 1
dg-bj 2
hcj-bj 1
bdbf-bj 1
20
4
gjh-ca 4
dfg-ca 2
cd-ca 1
bai-ca 2
21
3
edb-cb 1
dcc-cb 1
did-cb 2
22
4
dgf-cc 1
badc-cc 1
ff-cc 1
jgi-cc 2
23
6
dbg-cd 5
ffb-cd 3
bhd-cd 1
bcaj-cd 1
fae-cd 1
gfa-cd 1
24
4
jag-ce 2
jgf-ce 1
bi-ce 1
ef-ce 2
25
5
eac-cf 6
def-cf 2
fhg-cf 1
bbci-cf 1
cc-cf 1
26
7
bd-cg 2
chb-cg 1
hhc-cg 1
eh-cg 2
deg-cg 1
deb-cg 1
ca-cg 2
27
6
jgg-ch 1
dji-ch 1
bjd-ch 2
ddb-ch 2
hch-ch 2
cd-ch 2
28
5
bffg-ci 8
hfh-ci 3
gbg-ci 1
hif-ci 1
befi-ci 1
29
3
bfgd-cj 4
egd-cj 2
fbi-cj 1
30
8
fai-da 2
bcei-da 1
bhd-da 1
beib-da 2
bdf-da 2
eej-da 2
ea-da 2
gda-da 1
31
7
bbde-db 2
cbh-db 1
cd-db 1
bc-db 2
gi-db 2
bgj-db 2
cfj-db 2
32
6
iej-dc 26
ifh-dc 2
bbgj-dc 2
ecg-dc 1
iag-dc 2
jbf-dc 1
33
3
babg-dd 2
fc-dd 1
dfg-dd 2
34
4
di-de 1
bhe-de 2
ghj-de 2
eih-de 1
35
5
bfgb-df 11
igi-df 2
gc-df 1
iei-df 2
ibf-df 1
36
8
hah-dg 3
bcii-dg 3
bebe-dg 2
bcag-dg 2
bgfe-dg 1
cee-dg 1
bdfc-dg 1
bed-dg 2
37
5
bagf-dh 21
hha-dh 6
gcd-dh 1
dc-dh 2
db-dh 1
38
1
haf-di 259
39
3
cbh-dj 2
ef-dj 1
gdb-dj 1
40
6
jjh-ea 2
jff-ea 2
eee-ea 2
fda-ea 2
dbb-ea 2
cgg-ea 1
41
3
bbfc-eb 13
cdi-eb 9
hac-eb 2
42
5
cdc-ec 3
ege-ec 2
fi-ec 1
fc-ec 2
ci-ec 1
43
5
bcia-ed 2
bfdc-ed 2
ech-ed 1
eb-ed 1
edf-ed 1
44
3
bacc-ee 1
cfb-ee 1
ejg-ee 1
45
7
ige-ef 1
cih-ef 1
beeh-ef 1
cij-ef 2
bgd-ef 1
bgb-ef 2
egh-ef 1
46
5
ggg-eg 8
bcd-eg 2
bdj-eg 1
cbg-eg 1
ffd-eg 1
47
5
gdh-eh 5
bbfg-eh 4
bbei-eh 1
bjb-eh 2
fdd-eh 1
48
6
jfj-ei 2
bcjf-ei 2
bb-ei 1
cbh-ei 2
dff-ei 1
bbje-ei 1
49
3
baig-ej 8
cd-ej 2
jia-ej 1
50
6
dhe-fa 4
jji-fa 1
bc-fa 1
bcb-fa 2
hg-fa 1
bhg-fa 2
51
3
bdc-fb 3
dfa-fb 2
bcch-fb 1
52
5
bfch-fc 9
fif-fc 3
jb-fc 2
bcj-fc 1
eab-fc 1
53
4
je-fd 1
dd-fd 2
daf-fd 1
dhe-fd 2
54
1
jic-fe 3
55
7
gb-ff 2
cje-ff 2
dbd-ff 2
bed-ff 1
bdcg-ff 1
ic-ff 2
bdf-ff 2
56
1
bfaf-fg 4
57
7
bejb-fh 2
d-fh 1
ccb-fh 2
bdb-fh 2
jh-fh 2
jie-fh 1
jjd-fh 2
58
3
bfdg-fi 7
hee-fi 2
fg-fi 2
59
7
dbg-fj 1
ifd-fj 2
bcha-fj 2
ff-fj 2
bea-fj 2
ddg-fj 2
hfh-fj 2
60
6
fga-ga 6
bi-ga 2
cg-ga 1
dac-ga 2
cih-ga 2
eah-ga 1
61
2
bbjc-gb 9
bbeb-gb 1
62
6
gge-gc 13
bdfa-gc 8
eie-gc 4
e-gc 2
j-gc 1
bga-gc 2
63
8
bfgc-gd 1
cfj-gd 2
daj-gd 1
dai-gd 1
icd-gd 1
dbf-gd 1
je-gd 2
gfb-gd 1
64
2
g-ge 2
dfi-ge 1
65
1
cgh-gf 1
66
5
bfjf-gg 23
cdh-gg 14
jhg-gg 1
idf-gg 2
jdj-gg 2
67
3
bddh-gh 3
bh-gh 2
jci-gh 2
68
3
bcff-gi 11
cbe-gi 1
ch-gi 1
69
3
gjj-gj 1
edh-gj 1
baad-gj 1
70
3
db-ha 2
bda-ha 2
ecc-ha 1
71
2
efh-hb 8
iaa-hb 3
72
4
ejc-hc 5
dbf-hc 2
cif-hc 2
gg-hc 2
74
7
bcjc-he 2
bgi-he 2
hc-he 1
gij-he 2
bebb-he 1
bcd-he 2
gig-he 2
75
4
hie-hf 2
bdbc-hf 1
da-hf 1
dah-hf 2
76
4
bja-hg 4
gbd-hg 1
cgj-hg 1
dfj-hg 1
77
7
gcj-hh 1
bjb-hh 2
cae-hh 2
bdh-hh 1
jae-hh 1
beic-hh 2
caa-hh 1
78
5
baec-hi 17
iba-hi 17
ihf-hi 2
fa-hi 2
bac-hi 1
79
3
jfc-hj 27
gfg-hj 2
di-hj 2
80
4
bfeh-ia 2
di-ia 1
bdjd-ia 1
ccc-ia 2
81
4
ghd-ib 1
gia-ib 2
dea-ib 2
dad-ib 1
82
3
bedh-ic 4
fdf-ic 1
cgi-ic 1
83
4
eab-id 16
gbg-id 2
ej-id 2
ebd-id 2
84
5
bjd-ie 2
dej-ie 2
haj-ie 1
fbb-ie 1
eeh-ie 2
85
3
bcge-if 7
bfce-if 2
di-if 1
86
2
baif-ig 1
egf-ig 2
87
3
cgh-ih 2
bcfj-ih 2
bba-ih 2
88
6
chf-ii 7
bacj-ii 2
dgc-ii 2
bgfi-ii 1
eig-ii 1
bacd-ii 2
89
4
bcd-ij 2
ife-ij 1
dbi-ij 1
fbc-ij 1
90
3
hij-ja 6
bei-ja 2
fef-ja 1
91
4
jc-jb 2
bhe-jb 2
bc-jb 1
ehi-jb 2
92
6
babi-jc 26
bbjg-jc 21
gbe-jc 1
hj-jc 2
gii-jc 1
fci-jc 1
93
2
cae-jd 1
fhj-jd 2
94
6
bfc-je 4
gdf-je 2
bi-je 2
bfgb-je 1
fcf-je 1
bbi-je 2
95
3
gbd-jf 2
iae-jf 2
dfc-jf 1
96
3
daf-jg 41
beb-jg 1
ec-jg 2
97
6
bbfg-jh 30
hib-jh 2
dai-jh 2
bcbf-jh 2
ei-jh 1
ecj-jh 2
98
5
bdjh-ji 3
bccj-ji 2
beaa-ji 1
idd-ji 2
gbe-ji 2
99
3
bcee-jj 3
fgf-jj 2
dej-jj 2
100
5
dig-baa 5
efg-baa 5
fhg-baa 1
bfg-baa 2
dfi-baa 2
101
4
chf-bab 2
eic-bab 2
ede-bab 1
jhg-bab 2
102
5
bfe-bac 4
gja-bac 2
hj-bac 2
da-bac 1
hfi-bac 1
103
3
jid-bad 2
bha-bad 1
bfi-bad 1
104
4
bdga-bae 6
dgj-bae 1
ceg-bae 1
cd-bae 1
105
5
bdbh-baf 4
cj-baf 1
bcb-baf 2
cgb-baf 1
cbg-baf 2
106
7
bfce-bag 2
bcc-bag 2
dad-bag 1
ede-bag 2
fic-bag 2
bbfi-bag 1
baab-bag 2
107
6
gjh-bah 9
deg-bah 2
hbf-bah 2
ifd-bah 2
bbcc-bah 1
ddf-bah 1
108
2
cfj-bai 6
bda-bai 3
109
6
eg-baj 1
bda-baj 2
chf-baj 1
db-baj 2
ddb-baj 1
cjg-baj 2
110
5
gdc-bba 1
fbe-bba 1
je-bba 2
dic-bba 1
hi-bba 1
111
4
fdh-bbb 2
d-bbb 2
edb-bbb 2
bdh-bbb 1
112
5
chf-bbc 19
jje-bbc 2
dgb-bbc 2
dbb-bbc 2
gbg-bbc 1
113
2
bja-bbd 2
gca-bbd 2
114
3
ehd-bbe 2
cie-bbe 2
cb-bbe 2
115
5
bei-bbf 11
bage-bbf 6
fj-bbf 2
dfc-bbf 2
bej-bbf 2
116
6
iff-bbg 4
gdc-bbg 3
eg-bbg 1
bbbj-bbg 1
eba-bbg 2
cbd-bbg 2
117
3
bacc-bbh 82
gjh-bbh 3
ehi-bbh 2
118
9
beeh-bbi 15
gfd-bbi 2
cbb-bbi 1
bech-bbi 2
bca-bbi 1
cea-bbi 1
beb-bbi 1
ib-bbi 1
ige-bbi 2
119
7
fag-bbj 27
eh-bbj 1
bbag-bbj 1
baja-bbj 2
ige-bbj 1
bbf-bbj 1
gjh-bbj 2
120
6
eae-bca 2
cji-bca 1
gae-bca 2
cc-bca 2
bae-bca 1
gaf-bca 2
121
4
fba-bcb 9
bbdg-bcb 3
bbgc-bcb 2
bdea-bcb 2
122
7
bbff-bcc 16
bbab-bcc 3
gfi-bcc 2
bebg-bcc 2
bjd-bcc 2
jg-bcc 1
hgb-bcc 2
123
5
eed-bcd 3
jec-bcd 2
ddj-bcd 1
gc-bcd 1
iie-bcd 1
124
8
gef-bce 2
edi-bce 2
bi-bce 1
bagd-bce 2
gc-bce 2
bb-bce 1
ccc-bce 2
fed-bce 2
125
4
cea-bcf 1
ddj-bcf 1
deg-bcf 1
gih-bcf 1
126
7
dbg-bcg 2
g-bcg 1
di-bcg 1
cah-bcg 1
bhj-bcg 2
hcj-bcg 1
dgg-bcg 2
127
6
gad-bch 2
fbh-bch 2
ecb-bch 1
bgbf-bch 1
bfc-bch 1
dfd-bch 2
128
7
bbhe-bci 11
bagb-bci 2
bcbc-bci 2
bbf-bci 1
fag-bci 2
bbc-bci 2
fi-bci 2
129
7
iff-bcj 5
bah-bcj 2
bbf-bcj 1
icj-bcj 2
cjh-bcj 2
eac-bcj 1
cjg-bcj 2
130
6
ffa-bda 11
dfj-bda 2
dhg-bda 1
eh-bda 2
ia-bda 1
fbe-bda 1
131
8
efd-bdb 2
deh-bdb 2
djh-bdb 1
bhb-bdb 1
jbg-bdb 1
bfc-bdb 1
cda-bdb 2
fib-bdb 1
132
9
fee-bdc 3
bfea-bdc 2
fdc-bdc 2
jbg-bdc 2
bbjh-bdc 2
bbfe-bdc 2
bbah-bdc 2
cfc-bdc 2
bec-bdc 2
133
5
bcgc-bdd 4
bece-bdd 2
bja-bdd 1
efa-bdd 2
bjf-bdd 1
134
6
iah-bde 2
gge-bde 1
bba-bde 1
beec-bde 2
bdh-bde 2
hhi-bde 2
135
6
hcg-bdf 7
gea-bdf 3
bbab-bdf 3
gbf-bdf 1
hc-bdf 1
bhe-bdf 1
136
8
bahh-bdg 6
bbij-bdg 3
jdg-bdg 1
cha-bdg 2
ch-bdg 1
dhi-bdg 1
djj-bdg 2
bcc-bdg 1
137
4
jjg-bdh 2
feh-bdh 1
edg-bdh 2
ce-bdh 1
138
6
iic-bdi 11
gci-bdi 2
ich-bdi 2
bffi-bdi 2
jbe-bdi 1
bcfj-bdi 2
139
7
geh-bdj 5
jfe-bdj 4
hhc-bdj 2
igg-bdj 2
bbbh-bdj 1
ffb-bdj 2
igb-bdj 1
140
4
dgc-bea 3
dgb-bea 2
cdh-bea 1
fif-bea 1
141
8
hia-beb 5
dci-beb 2
djg-beb 2
edh-beb 2
cbg-beb 2
cbe-beb 1
fe-beb 2
ffd-beb 1
142
8
hea-bec 3
bdei-bec 2
hj-bec 1
ii-bec 1
eei-bec 1
ica-bec 2
bdh-bec 1
hff-bec 2
143
6
cd-bed 5
begd-bed 2
ica-bed 1
feh-bed 2
bhc-bed 1
cfa-bed 2
144
5
bgbe-bee 58
gjd-bee 1
dfg-bee 1
bbej-bee 2
cfa-bee 2
145
4
dai-bef 2
fgj-bef 2
bjd-bef 2
jei-bef 1
146
5
bef-beg 2
fei-beg 1
bja-beg 1
ea-beg 1
hgd-beg 2
147
9
ieh-beh 5
hi-beh 2
bab-beh 1
jbj-beh 1
cia-beh 1
ef-beh 2
ccg-beh 2
ih-beh 1
gdd-beh 1
148
5
jca-bei 9
fge-bei 4
bcgi-bei 3
jbi-bei 1
becg-bei 2
149
5
fif-bej 4
bec-bej 2
dbi-bej 2
cdi-bej 1
bdb-bej 1
150
5
cjd-bfa 2
egg-bfa 1
cdf-bfa 1
ddd-bfa 2
ifi-bfa 2
151
2
bdji-bfb 9
fda-bfb 2
152
9
dcb-bfc 7
bafi-bfc 2
gbi-bfc 1
ifh-bfc 1
dhb-bfc 1
cei-bfc 2
fcb-bfc 2
cdb-bfc 1
fbb-bfc 1
153
4
cie-bfd 2
haa-bfd 1
jgi-bfd 2
bif-bfd 2
154
5
dch-bfe 4
baea-bfe 3
cgh-bfe 2
gbc-bfe 2
hff-bfe 2
155
4
eec-bff 2
gfe-bff 1
bcie-bff 1
fdh-bff 2
156
8
bgac-bfg 5
hhe-bfg 2
hj-bfg 2
efi-bfg 2
bef-bfg 2
fh-bfg 2
dae-bfg 2
be-bfg 2
157
4
eaa-bfh 1
baf-bfh 2
bae-bfh 2
gcj-bfh 2
158
7
bgci-bfi 37
gaa-bfi 19
idg-bfi 1
ich-bfi 1
bacf-bfi 1
jhe-bfi 1
ecj-bfi 1
159
5
jjj-bfj 2
bii-bfj 1
gif-bfj 1
ded-bfj 2
gce-bfj 1
160
3
hbd-bga 8
efe-bga 2
dij-bga 2
161
6
hea-bgb 8
cgc-bgb 1
bedd-bgb 2
bahe-bgb 2
dff-bgb 1
bcga-bgb 2
162
7
bdeh-bgc 1
cgd-bgc 1
fd-bgc 2
cdb-bgc 1
ehc-bgc 2
cff-bgc 2
ffi-bgc 1
163
5
edg-bgd 2
bgdh-bgd 2
gd-bgd 1
f-bgd 2
dbj-bgd 1
164
3
hci-bge 3
jif-bge 3
d-bge 1
165
4
iaa-bgf 4
bie-bgf 2
bd-bgf 2
baih-bgf 1
166
6
ehg-bgg 5
bcaa-bgg 5
heh-bgg 3
bdde-bgg 2
babe-bgg 2
id-bgg 1
167
5
dbg-bgh 2
bfgh-bgh 1
cej-bgh 1
be-bgh 2
cgg-bgh 2
168
8
daj-bgi 4
cbi-bgi 2
bhh-bgi 2
eij-bgi 2
baa-bgi 1
bc-bgi 2
cej-bgi 1
dda-bgi 2
169
5
hch-bgj 2
jai-bgj 2
bffe-bgj 2
djh-bgj 2
hbh-bgj 2
170
8
gi-bha 4
bi-bha 2
fh-bha 1
bde-bha 1
ccd-bha 2
ddd-bha 2
edd-bha 2
bff-bha 2
171
6
hhd-bhb 3
ih-bhb 1
bfbi-bhb 2
fcb-bhb 2
cda-bhb 2
jh-bhb 1
172
6
bbfd-bhc 8
bagf-bhc 2
bfe-bhc 1
edf-bhc 2
eje-bhc 1
gfg-bhc 1
173
4
eed-bhd 1
hj-bhd 1
gii-bhd 1
bcb-bhd 1
174
5
daa-bhe 20
cfe-bhe 2
chd-bhe 1
bgj-bhe 1
ebi-bhe 1
175
6
bci-bhf 1
ech-bhf 1
dgi-bhf 1
cgi-bhf 1
ca-bhf 1
jga-bhf 1
176
7
cdi-bhg 6
iga-bhg 2
babb-bhg 2
baf-bhg 1
cfi-bhg 1
cbg-bhg 1
bci-bhg 1
177
4
efe-bhh 2
cch-bhh 2
bai-bhh 2
cbc-bhh 1
178
5
eaj-bhi 3
ibh-bhi 2
gbb-bhi 1
cdb-bhi 2
bacb-bhi 1
179
7
bafb-bhj 5
ghd-bhj 1
fha-bhj 2
hg-bhj 1
cb-bhj 1
hbc-bhj 1
dbf-bhj 2
180
4
cch-bia 1
hi-bia 1
dac-bia 1
bjg-bia 1
181
3
eae-bib 59
fhc-bib 2
hjj-bib 1
182
4
baa-bic 2
eee-bic 1
dc-bic 1
hdc-bic 1
183
4
beh-bid 2
bef-bid 1
dec-bid 1
bajd-bid 1
184
11
hdd-bie 1
bde-bie 2
eig-bie 1
bcai-bie 2
bcc-bie 1
bbc-bie 1
bae-bie 2
bef-bie 1
dbe-bie 1
cdc-bie 1
cfe-bie 2
185
5
bgcg-bif 27
babf-bif 12
cji-bif 2
je-bif 2
bahf-bif 2
186
2
deg-big 2
bdde-big 1
187
4
bcff-bih 14
dcf-bih 3
hef-bih 2
ccj-bih 1
188
5
bcej-bii 1
bga-bii 1
ejd-bii 2
dfa-bii 1
caj-bii 2
189
6
cha-bij 1
cia-bij 1
bcj-bij 2
eab-bij 1
gfi-bij 2
ba-bij 1
190
3
dca-bja 72
ded-bja 6
dig-bja 2
191
4
bbee-bjb 3
bcdb-bjb 2
db-bjb 1
fed-bjb 1
192
5
baad-bjc 2
ibe-bjc 1
bagc-bjc 2
eia-bjc 2
ggh-bjc 2
193
5
hdg-bjd 21
ghb-bjd 5
bij-bjd 1
di-bjd 1
gd-bjd 2
194
4
ecd-bje 15
cga-bje 1
dgf-bje 2
eja-bje 2
195
6
baff-bjf 50
hic-bjf 7
ecg-bjf 5
hii-bjf 2
hie-bjf 1
bccc-bjf 1
196
3
dih-bjg 1
df-bjg 1
cec-bjg 1
197
6
cd-bjh 2
bcb-bjh 2
jeb-bjh 2
eah-bjh 1
gfd-bjh 2
djg-bjh 2
198
4
beeb-bji 9
dbg-bji 2
cgh-bji 1
fdj-bji 2
199
4
baad-bjj 54
gci-bjj 9
jhe-bjj 5
edg-bjj 2
200
6
djj-caa 1
ecb-caa 2
bafd-caa 2
hfg-caa 2
dhc-caa 1
jgd-caa 2
201
6
bdg-cab 3
cjd-cab 1
bef-cab 1
jbg-cab 1
daf-cab 1
jca-cab 2
202
5
dbf-cac 4
fid-cac 4
djc-cac 1
bbdh-cac 1
cgd-cac 2
203
3
icg-cad 2
ege-cad 2
edd-cad 2
204
8
bcb-cae 2
hhb-cae 1
bccg-cae 2
jcd-cae 2
chb-cae 2
gdi-cae 2
cci-cae 2
bea-cae 1
205
3
bafb-caf 28
gag-caf 1
ghc-caf 1
206
4
cie-cag 4
fbi-cag 1
ebb-cag 2
bbg-cag 1
207
6
bebe-cah 2
bahc-cah 2
cce-cah 2
fac-cah 1
ih-cah 2
fde-cah 1
208
2
jda-cai 1
gdb-cai 2
209
4
eji-caj 1
ghh-caj 2
jh-caj 2
eba-caj 2
210
4
bbjf-cba 37
bgdd-cba 21
bccb-cba 2
bfi-cba 2
211
5
cge-cbb 1
ihc-cbb 1
be-cbb 2
ca-cbb 2
da-cbb 2
212
2
efg-cbc 92
bcdg-cbc 46
213
8
jfc-cbd 22
bcdc-cbd 2
eag-cbd 1
cec-cbd 2
ehe-cbd 1
bif-cbd 1
chb-cbd 1
jej-cbd 2
214
1
bbcc-cbe 67
215
3
bff-cbf 1
ceb-cbf 2
cdj-cbf 1
216
4
becj-cbg 15
bbfi-cbg 12
hjj-cbg 1
bdg-cbg 2
217
5
bhi-cbh 3
jhi-cbh 2
ej-cbh 1
bfg-cbh 1
caj-cbh 1
218
3
ede-cbi 27
ebh-cbi 1
bdi-cbi 1
219
5
gjj-cbj 2
dcf-cbj 1
db-cbj 1
hi-cbj 1
jec-cbj 1
220
6
bbdb-cca 2
eea-cca 2
cbe-cca 2
bbi-cca 1
ihg-cca 1
ehi-cca 1
221
6
bjj-ccb 1
ejj-ccb 1
ddd-ccb 1
jeh-ccb 1
eig-ccb 2
d-ccb 2
222
3
jfh-ccc 7
eag-ccc 3
bcda-ccc 1
223
6
bajb-ccd 2
cjf-ccd 1
feh-ccd 2
ecd-ccd 2
dhh-ccd 2
eae-ccd 2
224
4
bceh-cce 2
bdc-cce 2
daf-cce 2
hdf-cce 1
225
7
ihi-ccf 26
dca-ccf 3
ga-ccf 2
hcc-ccf 1
ghd-ccf 2
jeg-ccf 2
bfdd-ccf 1
226
7
bahi-ccg 2
ijd-ccg 2
bih-ccg 2
fhh-ccg 2
ide-ccg 1
hde-ccg 2
hjh-ccg 2
227
4
egd-cch 13
baaf-cch 6
bhe-cch 1
ice-cch 2
228
4
bgbg-cci 7
bbfd-cci 7
haf-cci 2
ceb-cci 2
229
6
hji-ccj 4
eeb-ccj 1
gdf-ccj 1
cch-ccj 1
bch-ccj 1
j-ccj 2
230
3
ejd-cda 2
dd-cda 2
jae-cda 2
231
4
ejg-cdb 26
jaa-cdb 1
bff-cdb 1
fcf-cdb 2
232
6
ddj-cdc 2
fad-cdc 1
ccj-cdc 2
hjg-cdc 1
gac-cdc 2
eb-cdc 1
233
2
bebi-cdd 8
db-cdd 2
234
7
hhb-cde 2
gge-cde 1
bdia-cde 1
bi-cde 2
bjb-cde 1
fff-cde 1
bj-cde 2
235
5
fjc-cdf 42
bhj-cdf 1
iee-cdf 1
badh-cdf 1
dfa-cdf 1
236
6
dff-cdg 21
bfjd-cdg 1
bdf-cdg 1
gcf-cdg 2
eif-cdg 1
cid-cdg 2
237
3
bbja-cdh 55
gfd-cdh 2
gd-cdh 1
238
4
beha-cdi 16
j-cdi 4
jbc-cdi 2
deb-cdi 2
239
3
ega-cdj 5
hgg-cdj 1
chh-cdj 1
240
7
jaj-cea 6
che-cea 3
gbi-cea 1
cfi-cea 1
if-cea 1
be-cea 2
cac-cea 1
241
6
bdea-ceb 30
bfj-ceb 2
dfe-ceb 2
dhh-ceb 2
bch-ceb 2
cii-ceb 2
242
4
bajb-cec 2
bad-cec 2
bdg-cec 2
bbc-cec 1
243
3
bbgc-ced 5
cah-ced 2
efg-ced 2
244
3
ic-cee 4
eej-cee 2
jhc-cee 2
245
4
bha-cef 2
bfi-cef 2
dab-cef 1
bbec-cef 1
246
4
cah-ceg 1
iag-ceg 2
gdg-ceg 2
bfa-ceg 2
247
4
eeg-ceh 2
gdd-ceh 2
bje-ceh 1
cic-ceh 2
248
5
fhi-cei 1
dgf-cei 1
bfb-cei 2
ehj-cei 1
ddf-cei 2
249
8
bh-cej 3
bbeg-cej 2
bbee-cej 2
dif-cej 2
bda-cej 1
ef-cej 2
gig-cej 2
jej-cej 2
250
5
bdhb-cfa 13
gei-cfa 10
ice-cfa 2
hdi-cfa 2
eb-cfa 1
251
7
fhe-cfb 1
g-cfb 1
fgg-cfb 2
gje-cfb 2
cea-cfb 1
baga-cfb 2
fc-cfb 2
252
3
gef-cfc 2
ieg-cfc 2
eca-cfc 2
253
6
bchd-cfd 3
cje-cfd 1
geb-cfd 2
ccg-cfd 2
bcdh-cfd 1
a-cfd 2
254
2
ijc-cfe 6
jf-cfe 2
255
5
ejg-cff 9
bafc-cff 5
hda-cff 2
hjf-cff 2
egj-cff 1
256
4
bbdg-cfg 9
bfdb-cfg 6
ej-cfg 3
gic-cfg 2
257
7
cie-cfh 25
fjh-cfh 1
bbee-cfh 1
bee-cfh 1
cid-cfh 1
baj-cfh 1
gbg-cfh 1
258
5
dhi-cfi 2
bcfi-cfi 1
eec-cfi 2
chd-cfi 1
badf-cfi 2
259
6
cfi-cfj 3
beb-cfj 1
bd-cfj 2
fh-cfj 1
dib-cfj 1
efb-cfj 2
260
7
bcjf-cga 10
bhb-cga 1
chf-cga 2
chj-cga 1
cgd-cga 1
dh-cga 1
cah-cga 2
261
5
da-cgb 5
deb-cgb 3
gdf-cgb 2
dch-cgb 2
dhd-cgb 2
262
6
ica-cgc 2
hfc-cgc 2
fji-cgc 2
hdb-cgc 2
ee-cgc 1
cdb-cgc 1
263
6
dcf-cgd 4
bafd-cgd 2
bafi-cgd 2
dcj-cgd 2
bec-cgd 2
bajg-cgd 2
264
6
bfc-cge 2
bba-cge 2
cci-cge 2
fh-cge 1
ea-cge 2
hai-cge 1
265
5
bgbh-cgf 5
fcc-cgf 5
dej-cgf 2
ibe-cgf 1
gie-cgf 1
266
5
fhc-cgg 2
bdh-cgg 2
bgae-cgg 1
bii-cgg 1
dib-cgg 2
267
5
bdhc-cgh 77
hc-cgh 2
cag-cgh 2
babb-cgh 2
hif-cgh 1
268
5
baaa-cgi 34
fdh-cgi 4
djh-cgi 2
daf-cgi 2
ia-cgi 2
269
4
ifi-cgj 2
eag-cgj 2
fei-cgj 2
dgg-cgj 2
270
6
ged-cha 2
dcb-cha 2
egj-cha 1
gfh-cha 1
dhj-cha 1
bhi-cha 2
271
3
bcbi-chb 5
fff-chb 2
eci-chb 1
272
5
jhd-chc 5
bbfj-chc 1
jfb-chc 1
hba-chc 2
fjc-chc 1
273
4
bfbg-chd 11
dfj-chd 1
ebh-chd 1
cjc-chd 2
274
4
befj-che 7
dbj-che 1
eah-che 1
dej-che 1
275
5
eca-chf 37
fch-chf 2
hfb-chf 1
did-chf 2
ehb-chf 1
276
4
iab-chg 2
edh-chg 1
hja-chg 1
fc-chg 1
277
4
ca-chh 1
ddj-chh 2
cid-chh 2
cbb-chh 1
278
6
bbc-chi 13
bbea-chi 3
jeh-chi 2
ibj-chi 2
cee-chi 1
hga-chi 1
279
6
hhi-chj 1
fg-chj 2
dia-chj 1
bgh-chj 2
jg-chj 1
fjd-chj 2
280
4
eie-cia 2
jej-cia 2
jj-cia 1
cce-cia 1
281
5
eha-cib 16
bdhh-cib 11
bdhb-cib 2
bcce-cib 2
hh-cib 2
282
5
dhi-cic 2
bbi-cic 1
igc-cic 1
ifd-cic 1
jce-cic 1
283
11
cjb-cid 3
fcf-cid 2
cab-cid 2
ebi-cid 1
dfd-cid 2
hgg-cid 2
bdh-cid 2
ehb-cid 1
dfa-cid 2
fic-cid 1
bii-cid 2
284
3
jfi-cie 118
gg-cie 57
bih-cie 2
285
8
bcja-cif 20
bbai-cif 2
dgb-cif 1
dae-cif 2
gfe-cif 1
dcb-cif 2
idd-cif 2
baed-cif 2
286
6
hbj-cig 2
bbac-cig 1
eef-cig 2
dge-cig 1
hdd-cig 2
hai-cig 1
287
2
icg-cih 41
cda-cih 2
288
6
baha-cii 4
ggd-cii 2
gbi-cii 2
cah-cii 1
dad-cii 1
gc-cii 1
289
4
dgf-cij 2
ch-cij 2
bgi-cij 1
cch-cij 2
290
6
hcj-cja 2
bcaa-cja 2
ehg-cja 1
ead-cja 1
ija-cja 1
dge-cja 1
291
4
beba-cjb 12
jbi-cjb 1
bagh-cjb 2
eei-cjb 2
292
4
bfgi-cjc 45
bada-cjc 8
bcih-cjc 3
db-cjc 2
293
2
bdaa-cjd 11
eje-cjd 2
294
3
cea-cje 3
bbi-cje 1
fje-cje 1
295
3
dba-cjf 2
cgb-cjf 2
egf-cjf 2
296
1
cgb-cjg 2
297
5
jfd-cjh 1
da-cjh 2
hhf-cjh 2
dci-cjh 2
he-cjh 2
298
6
bdce-cji 3
id-cji 1
hbd-cji 1
bee-cji 1
dbj-cji 2
bdcg-cji 1
299
6
jah-cjj 20
bfeb-cjj 5
bgh-cjj 2
bcie-cjj 2
cc-cjj 1
fci-cjj 1
300
6
bfde-daa 11
jjb-daa 4
bbhc-daa 3
edd-daa 2
fh-daa 2
ih-daa 2
301
6
hi-dab 12
bef-dab 1
bace-dab 2
ede-dab 2
icf-dab 2
cjh-dab 2
302
5
dce-dac 2
iid-dac 2
bgi-dac 2
fgc-dac 1
de-dac 2
303
4
gfd-dad 13
gfe-dad 4
gcb-dad 2
dab-dad 1
304
4
bcib-dae 22
fce-dae 3
baaa-dae 1
ebf-dae 1
305
7
badi-daf 15
bdcb-daf 9
fbb-daf 4
jae-daf 1
bddb-daf 2
cha-daf 1
bdag-daf 2
306
3
hcd-dag 2
eb-dag 2
jg-dag 2
307
4
ggg-dah 2
ehc-dah 2
ihj-dah 2
cgi-dah 1
308
6
bchi-dai 2
bafa-dai 2
ejb-dai 2
dhc-dai 1
chh-dai 2
ebd-dai 1
309
6
geh-daj 6
fhj-daj 2
dce-daj 1
dhe-daj 1
fae-daj 1
ebb-daj 1
310
3
hhj-dba 13
gdh-dba 2
bff-dba 2
311
4
eaa-dbb 60
cjb-dbb 1
dfc-dbb 2
dgi-dbb 1
312
2
hca-dbc 8
dah-dbc 4
313
5
gcb-dbd 9
bdjf-dbd 2
bfg-dbd 1
bbg-dbd 1
ceg-dbd 2
314
3
bcaf-dbe 9
dfh-dbe 2
dac-dbe 1
315
7
gib-dbf 39
baad-dbf 1
eid-dbf 1
bbcb-dbf 2
dac-dbf 1
gdc-dbf 1
ei-dbf 1
316
3
iag-dbg 89
dab-dbg 5
ffg-dbg 2
317
5
fha-dbh 4
caa-dbh 2
cdb-dbh 2
cid-dbh 2
gfj-dbh 1
318
5
edd-dbi 2
bcaa-dbi 2
ch-dbi 2
eia-dbi 1
fah-dbi 1
319
6
dhd-dbj 1
dad-dbj 1
gjf-dbj 1
bb-dbj 1
cgb-dbj 1
cg-dbj 2
320
5
jbi-dca 33
bdii-dca 10
bda-dca 7
badg-dca 1
a-dca 2
321
6
gad-dcb 5
eda-dcb 5
fi-dcb 1
gbj-dcb 1
efg-dcb 1
jia-dcb 1
322
9
jah-dcc 4
di-dcc 2
chf-dcc 2
heg-dcc 1
ddf-dcc 1
gdi-dcc 2
eie-dcc 1
cdd-dcc 1
fbb-dcc 1
323
4
cg-dcd 2
cfg-dcd 2
gda-dcd 1
gjc-dcd 1
324
4
jef-dce 53
ebg-dce 2
cce-dce 2
bcg-dce 2
325
5
bbja-dcf 8
cgb-dcf 2
fea-dcf 2
bhe-dcf 1
fce-dcf 1
326
3
dca-dcg 4
cd-dcg 1
jjj-dcg 2
327
5
jai-dch 21
bdgc-dch 2
dh-dch 1
cjc-dch 1
eca-dch 2
328
5
bcef-dci 4
ehi-dci 2
ddg-dci 1
dae-dci 2
cge-dci 1
329
5
jcg-dcj 7
begb-dcj 1
bde-dcj 1
dhd-dcj 2
dbj-dcj 1
330
4
bjj-dda 1
dai-dda 1
cea-dda 1
fjj-dda 2
331
6
bdge-ddb 2
ddd-ddb 1
bcea-ddb 2
bbdj-ddb 1
cjb-ddb 1
eig-ddb 1
332
5
bfjb-ddc 5
bja-ddc 2
dac-ddc 2
beg-ddc 1
ia-ddc 1
333
4
beef-ddd 6
bci-ddd 2
gfa-ddd 2
hed-ddd 1
334
9
ghh-dde 2
d-dde 1
ejf-dde 1
bbj-dde 2
dbe-dde 2
fbe-dde 2
ehd-dde 1
gaa-dde 1
ifj-dde 2
335
7
fcf-ddf 4
eij-ddf 2
eb-ddf 1
id-ddf 2
bei-ddf 1
chf-ddf 2
jh-ddf 2
336
3
eid-ddg 7
cdi-ddg 1
cgc-ddg 2
337
4
baa-ddh 12
ef-ddh 2
ech-ddh 2
edi-ddh 1
338
6
ehd-ddi 1
ef-ddi 1
cfa-ddi 1
fib-ddi 2
bjc-ddi 1
jja-ddi 1
339
6
ecg-ddj 6
haa-ddj 3
ihj-ddj 2
dia-ddj 1
ehi-ddj 1
ccd-ddj 1
340
6
ejd-dea 7
ief-dea 3
edh-dea 2
bgi-dea 2
dia-dea 1
ebe-dea 1
341
6
cbi-deb 10
fei-deb 1
hfg-deb 2
hgj-deb 2
hjc-deb 1
hha-deb 2
342
5
bfg-dec 6
bcgh-dec 1
fdc-dec 2
bg-dec 2
ba-dec 1
343
5
ihf-ded 7
gij-ded 5
ddc-ded 2
bdbb-ded 1
jab-ded 1
344
5
fji-dee 2
cia-dee 1
fhb-dee 1
dhc-dee 1
dej-dee 1
345
3
jfi-def 16
bajh-def 2
ceb-def 2
346
6
fhd-deg 3
eec-deg 1
hia-deg 2
cfb-deg 1
cdh-deg 2
bceg-deg 2
347
4
dj-deh 1
iji-deh 1
ifa-deh 2
gcf-deh 1
348
2
fif-dei 2
gjc-dei 1
349
4
bcah-dej 113
fda-dej 3
babg-dej 2
dif-dej 1
350
5
fie-dfa 2
hab-dfa 2
ege-dfa 1
bfb-dfa 1
eai-dfa 1
351
3
e-dfb 16
ehb-dfb 2
bde-dfb 2
352
7
fgj-dfc 2
ca-dfc 1
eb-dfc 2
fgg-dfc 1
ddc-dfc 1
cjc-dfc 1
ghb-dfc 2
353
6
idj-dfd 7
bfcc-dfd 2
da-dfd 2
bga-dfd 1
gcb-dfd 1
bbae-dfd 2
354
4
baac-dfe 11
ii-dfe 2
ejd-dfe 2
badc-dfe 2
355
5
hii-dff 23
gie-dff 7
heg-dff 1
ife-dff 2
jha-dff 1
356
3
eib-dfg 73
dhf-dfg 1
cdj-dfg 2
357
5
fhb-dfh 5
fee-dfh 4
beci-dfh 3
bbcb-dfh 3
hg-dfh 1
358
3
hgh-dfi 101
egd-dfi 16
baac-dfi 2
359
3
bbah-dfj 7
eb-dfj 1
ejd-dfj 1
360
5
bcdg-dga 15
fff-dga 4
g-dga 2
dgi-dga 1
cb-dga 2
361
2
bcae-dgb 10
cad-dgb 1
362
6
jic-dgc 2
fib-dgc 2
bc-dgc 2
c-dgc 1
jja-dgc 2
bdbb-dgc 1
363
9
bbjf-dgd 1
badi-dgd 1
bajj-dgd 1
ifb-dgd 2
bfa-dgd 2
feh-dgd 1
cbc-dgd 1
ebc-dgd 1
ifg-dgd 1
364
6
bccf-dge 3
beaa-dge 2
dc-dge 2
ef-dge 1
hcj-dge 1
ifc-dge 2
365
4
bbba-dgf 7
jfj-dgf 2
bffd-dgf 2
dhf-dgf 2
366
3
bg-dgg 1
bced-dgg 1
dce-dgg 2
367
2
idi-dgh 11
dff-dgh 1
368
5
deb-dgi 2
ibf-dgi 1
cgg-dgi 1
bbf-dgi 1
ceb-dgi 1
369
4
gg-dgj 5
bea-dgj 2
bcab-dgj 2
ghb-dgj 2
370
4
dij-dha 1
dji-dha 1
ecg-dha 2
jhi-dha 2
371
3
ebh-dhb 3
bajb-dhb 3
d-dhb 1
372
7
dbg-dhc 32
bbce-dhc 4
jii-dhc 3
bdab-dhc 2
dfg-dhc 1
bbed-dhc 1
ccd-dhc 1
373
6
baeg-dhd 4
dgh-dhd 4
ije-dhd 3
cdi-dhd 1
hfh-dhd 1
fhc-dhd 1
374
6
bbhi-dhe 5
bbii-dhe 3
bbhb-dhe 1
dca-dhe 1
ieg-dhe 1
ehb-dhe 2
375
5
baga-dhf 8
ebj-dhf 3
cjd-dhf 1
ich-dhf 1
bcf-dhf 1
376
4
bfe-dhg 5
beab-dhg 2
ida-dhg 2
begf-dhg 1
377
5
bdac-dhh 2
dgf-dhh 2
bbh-dhh 2
bbb-dhh 1
gbg-dhh 1
378
6
ihg-dhi 6
fhf-dhi 1
ebh-dhi 1
bbbb-dhi 1
bcab-dhi 2
fjf-dhi 2
379
7
ddj-dhj 6
idf-dhj 4
begh-dhj 2
fce-dhj 2
idc-dhj 2
icc-dhj 1
ecj-dhj 2
380
4
ecg-dia 67
bdc-dia 2
hge-dia 2
jcc-dia 2
381
4
dhj-dib 3
cfd-dib 1
bgg-dib 1
ffd-dib 2
382
8
edj-dic 2
ebi-dic 2
fh-dic 2
hhd-dic 2
jff-dic 2
hc-dic 1
dih-dic 2
bbgj-dic 2
383
6
bab-did 2
dhg-did 2
hid-did 2
bgj-did 2
ccj-did 1
eii-did 2
384
6
baag-die 13
fac-die 4
fea-die 2
jeb-die 2
dci-die 2
fig-die 1
385
1
bbdh-dif 51
386
3
fcd-dig 16
edj-dig 5
hih-dig 3
387
2
fdg-dih 13
bbjg-dih 3
388
2
bage-dii 16
bdeg-dii 7
389
5
ici-dij 57
hhe-dij 6
cga-dij 1
eai-dij 2
bacf-dij 2
390
2
bhe-dja 1
bdhi-dja 1
391
2
jjj-djb 19
eee-djb 2
392
3
jaj-djc 13
ddi-djc 3
dba-djc 2
393
6
ifd-djd 2
bejh-djd 2
cie-djd 1
ceb-djd 2
jdd-djd 2
jif-djd 1
394
7
beaj-dje 10
bbj-dje 1
he-dje 2
dbi-dje 1
hag-dje 2
dbh-dje 1
ddc-dje 2
395
2
di-djf 1
eha-djf 2
396
7
hca-djg 1
efi-djg 2
bceg-djg 2
baa-djg 1
cji-djg 2
bcc-djg 1
jbc-djg 1
397
9
cjc-djh 10
bdef-djh 7
ebi-djh 2
beca-djh 2
gdg-djh 2
bif-djh 2
djb-djh 2
gai-djh 2
bdh-djh 2
398
4
hhj-dji 2
cha-dji 2
cic-dji 2
bahj-dji 1
399
6
jib-djj 4
bbc-djj 3
dec-djj 2
dda-djj 2
caj-djj 1
egi-djj 1
400
7
bee-eaa 39
hjj-eaa 4
ghi-eaa 2
eji-eaa 2
bif-eaa 1
hbg-eaa 2
jbb-eaa 2
401
4
bbga-eab 17
chi-eab 2
bdha-eab 1
fh-eab 2
402
5
cej-eac 6
bagg-eac 1
bcc-eac 1
big-eac 2
jhi-eac 2
403
4
caf-ead 2
dce-ead 1
chj-ead 2
dj-ead 1
404
7
icb-eae 42
fhi-eae 1
bic-eae 2
gdc-eae 2
fed-eae 1
gai-eae 1
edd-eae 2
405
4
fgj-eaf 1
jc-eaf 2
fde-eaf 1
ghj-eaf 2
406
5
gff-eag 2
hea-eag 1
ca-eag 2
hgb-eag 2
cfa-eag 1
407
5
bbcf-eah 62
eca-eah 7
bcaj-eah 2
gdj-eah 1
cgd-eah 1
408
4
bbec-eai 23
efh-eai 2
be-eai 2
ffa-eai 2
409
4
beec-eaj 6
eae-eaj 2
jfa-eaj 2
dfj-eaj 1
410
6
bif-eba 28
feb-eba 1
bebc-eba 2
gih-eba 2
cee-eba 1
bjj-eba 1
411
7
iij-ebb 4
ffd-ebb 2
beb-ebb 1
fff-ebb 1
ggb-ebb 2
ebg-ebb 2
fac-ebb 2
412
3
baej-ebc 2
ecb-ebc 2
bjg-ebc 1
413
8
bdae-ebd 8
badb-ebd 6
dgi-ebd 2
bcce-ebd 2
ejb-ebd 2
had-ebd 2
cbb-ebd 2
cag-ebd 2
414
6
df-ebe 2
bfhc-ebe 1
ebb-ebe 1
dgb-ebe 2
ceb-ebe 2
hfg-ebe 1
415
4
ijf-ebf 2
fhf-ebf 1
bfd-ebf 2
bge-ebf 1
416
3
fga-ebg 1
dcf-ebg 1
ghg-ebg 1
417
4
icg-ebh 56
bahf-ebh 2
hdg-ebh 2
daf-ebh 1
418
3
hfe-ebi 12
ebd-ebi 2
ebc-ebi 1
419
5
jgc-ebj 20
djj-ebj 6
ehi-ebj 5
ghd-ebj 1
igf-ebj 1
420
5
jga-eca 52
eh-eca 6
dbf-eca 1
jff-eca 1
dhi-eca 1
421
2
bchc-ecb 21
daj-ecb 2
422
10
bdch-ecc 9
edi-ecc 1
cd-ecc 2
fbe-ecc 2
idf-ecc 1
babd-ecc 1
bdie-ecc 1
ejd-ecc 2
jc-ecc 1
gce-ecc 2
423
3
jfj-ecd 105
fba-ecd 2
dha-ecd 1
424
4
eaa-ece 2
ici-ece 1
ecd-ece 2
eeh-ece 2
425
6
beh-ecf 3
dgb-ecf 2
cib-ecf 2
dh-ecf 1
eed-ecf 1
dc-ecf 2
426
3
bcca-ecg 111
dfa-ecg 1
fbc-ecg 1
427
5
hcd-ech 43
jjc-ech 3
dbh-ech 1
fcf-ech 1
bajd-ech 2
428
4
hcg-eci 11
jac-eci 4
dh-eci 2
cei-eci 2
429
3
ihi-ecj 4
fbc-ecj 2
gbj-ecj 2
430
7
dhf-eda 6
bbdb-eda 3
bdcg-eda 2
dgb-eda 1
igj-eda 1
hbd-eda 1
eai-eda 2
431
7
gdd-edb 2
jj-edb 1
gec-edb 1
fb-edb 2
iia-edb 1
ff-edb 1
eci-edb 1
432
5
baa-edc 2
ihi-edc 2
bhb-edc 2
dci-edc 2
ggi-edc 2
433
6
cbe-edd 9
bdh-edd 2
dfa-edd 1
gag-edd 1
ebd-edd 2
bai-edd 1
434
4
jh-ede 44
jbb-ede 5
ffi-ede 3
ejb-ede 1
435
6
hba-edf 4
bdfe-edf 3
dic-edf 1
bdag-edf 1
fah-edf 2
ci-edf 1
436
6
cde-edg 2
jgh-edg 2
ggd-edg 2
ie-edg 2
bgd-edg 2
ddc-edg 1
437
5
bbgb-edh 11
hcd-edh 3
beb-edh 2
dah-edh 1
cfj-edh 2
438
9
egf-edi 1
eja-edi 2
gie-edi 2
gah-edi 1
baib-edi 1
bjd-edi 1
bda-edi 1
ccg-edi 2
cfj-edi 1
439
3
egf-edj 64
egj-edj 6
cfb-edj 2
440
4
gcc-eea 2
bgj-eea 1
djh-eea 1
igj-eea 1
441
4
hgh-eeb 2
hei-eeb 2
dec-eeb 1
bab-eeb 1
442
4
hci-eec 5
dge-eec 5
bha-eec 1
cbe-eec 2
443
4
iaa-eed 104
fcg-eed 11
jhc-eed 3
gcd-eed 2
444
3
idg-eee 4
fgi-eee 2
chb-eee 1
445
5
bdg-eef 7
bdcd-eef 2
dej-eef 1
bie-eef 2
jad-eef 2
446
6
bfc-eeg 2
dji-eeg 2
cfe-eeg 2
dcc-eeg 1
badg-eeg 1
chg-eeg 1
447
3
gbb-eeh 2
fbd-eeh 2
bcc-eeh 2
448
5
beed-eei 55
bih-eei 2
fii-eei 1
haj-eei 1
ejc-eei 2
449
4
bcih-eej 8
bbif-eej 2
bcag-eej 2
chc-eej 2
450
7
jia-efa 3
hch-efa 3
bccg-efa 1
ii-efa 1
dhd-efa 2
egc-efa 1
cbb-efa 1
451
3
ehc-efb 3
eib-efb 1
bbgj-efb 2
452
4
ehd-efc 3
bhh-efc 2
fdg-efc 2
hd-efc 1
453
4
fei-efd 32
iac-efd 1
bbc-efd 2
igj-efd 1
454
2
bcdb-efe 173
ija-efe 3
455
5
bjf-eff 50
jge-eff 7
hgf-eff 3
fff-eff 2
bbed-eff 1
456
5
bcad-efg 27
iib-efg 26
bbj-efg 2
fii-efg 1
daf-efg 2
457
7
iic-efh 5
ded-efh 5
igc-efh 2
dci-efh 1
bbeg-efh 1
ibb-efh 2
fde-efh 2
458
3
eec-efi 3
eed-efi 2
icc-efi 1
459
6
bbfa-efj 1
bbca-efj 2
efe-efj 1
gde-efj 2
fhc-efj 2
fje-efj 2
460
8
bja-ega 13
jca-ega 2
bac-ega 2
feh-ega 1
cbg-ega 2
cgd-ega 2
icf-ega 1
bbac-ega 1
461
6
bcdf-egb 13
hic-egb 3
jg-egb 2
efi-egb 2
fdb-egb 1
cdg-egb 2
462
2
ddc-egc 1
ccj-egc 2
463
4
cfa-egd 27
bdhg-egd 2
bbf-egd 1
ebd-egd 2
464
6
ifi-ege 1
ecb-ege 2
fdb-ege 2
dbb-ege 2
dib-ege 2
bg-ege 2
465
4
ifd-egf 26
eae-egf 20
fge-egf 11
cha-egf 1
466
5
idd-egg 4
eaj-egg 2
jia-egg 1
die-egg 2
ed-egg 1
467
3
iid-egh 3
gah-egh 1
cii-egh 1
468
4
hef-egi 2
cdi-egi 1
efa-egi 2
ghc-egi 1
469
6
jdg-egj 6
baih-egj 2
dbi-egj 2
jj-egj 1
ibi-egj 1
ij-egj 1
470
6
cgh-eha 53
bbi-eha 1
fgd-eha 2
bjj-eha 1
eid-eha 1
bcbi-eha 1
471
4
hib-ehb 27
bfc-ehb 2
fei-ehb 2
bj-ehb 2
472
2
iad-ehc 15
cdh-ehc 4
473
4
hcb-ehd 75
bffb-ehd 5
hjj-ehd 2
dfd-ehd 1
474
4
ibh-ehe 12
bebj-ehe 2
hje-ehe 2
di-ehe 2
475
5
fag-ehf 2
hgh-ehf 1
jgj-ehf 2
cac-ehf 2
caa-ehf 2
476
5
edf-ehg 7
hda-ehg 4
bdgh-ehg 3
ddb-ehg 2
cgg-ehg 1
477
5
ecf-ehh 5
dad-ehh 1
gcc-ehh 1
dcc-ehh 1
had-ehh 2
478
3
jfd-ehi 30
bbeg-ehi 4
fef-ehi 1
479
4
bcgj-ehj 3
eci-ehj 2
hbj-ehj 2
baeh-ehj 2
480
5
ddb-eia 2
bfa-eia 2
efc-eia 2
cjj-eia 1
efb-eia 2
481
4
iih-eib 43
bbbe-eib 16
dg-eib 1
bcji-eib 2
482
5
bdfb-eic 15
bfef-eic 10
fhi-eic 1
ebb-eic 2
befh-eic 2
483
6
bfhj-eid 2
bdg-eid 1
hc-eid 1
bddi-eid 1
fbg-eid 2
ejg-eid 1
484
5
gbb-eie 3
ffj-eie 2
baf-eie 1
gcf-eie 2
bbaf-eie 2
485
4
fdf-eif 1
daa-eif 2
djj-eif 2
hac-eif 2
486
4
bfeh-eig 2
edi-eig 2
fdf-eig 1
ede-eig 1
487
5
ifi-eih 1
cag-eih 2
efh-eih 1
daa-eih 2
jc-eih 2
488
4
bfdi-eii 9
bgb-eii 2
cfd-eii 2
fij-eii 1
489
5
jae-eij 3
dcc-eij 2
dfg-eij 2
ief-eij 2
bje-eij 1
490
3
babi-eja 48
iaj-eja 6
hej-eja 3
491
3
ibd-ejb 6
bhc-ejb 2
cdi-ejb 1
492
6
bcbe-ejc 9
ggd-ejc 4
hgb-ejc 2
daj-ejc 1
eia-ejc 2
gji-ejc 1
493
2
ige-ejd 29
iic-ejd 1
494
6
iei-eje 2
ebj-eje 2
bfj-eje 1
cif-eje 1
gic-eje 1
ege-eje 1
495
3
bfja-ejf 6
bgb-ejf 1
ecf-ejf 1
496
4
feg-ejg 33
chd-ejg 11
eb-ejg 1
ghb-ejg 1
497
4
egb-ejh 1
bbi-ejh 1
iaa-ejh 1
idi-ejh 2
498
5
hfb-eji 2
d-eji 1
cgh-eji 2
cdd-eji 2
dih-eji 1
499
2
chf-ejj 16
hif-ejj 2
500
5
bbba-faa 3
ice-faa 1
deg-faa 1
dhg-faa 1
dfb-faa 2
501
2
dbf-fab 1
dda-fab 1
502
5
bbii-fac 7
hbc-fac 3
hdh-fac 2
cbi-fac 1
cbh-fac 2
503
6
baei-fad 17
iej-fad 4
fgd-fad 3
bdjg-fad 3
dih-fad 2
cfh-fad 1
504
4
baba-fae 18
bdia-fae 14
fje-fae 2
fej-fae 1
505
3
bcja-faf 2
hid-faf 2
ice-faf 1
506
5
dbf-fag 49
hcd-fag 1
bahb-fag 2
ggd-fag 1
jif-fag 1
507
2
jbj-fah 1
bjf-fah 2
508
5
fdh-fai 3
badj-fai 2
bcj-fai 2
eff-fai 1
gdj-fai 1
509
6
bhe-faj 2
ggb-faj 1
iii-faj 1
ga-faj 2
fgi-faj 1
ghi-faj 1
510
4
bbdb-fba 43
dii-fba 1
cdi-fba 2
bge-fba 2
511
5
jgi-fbb 5
fid-fbb 2
jih-fbb 2
fic-fbb 2
geh-fbb 2
512
4
eeg-fbc 1
baag-fbc 1
fej-fbc 1
ejh-fbc 1
513
5
jhc-fbd 3
bih-fbd 1
hej-fbd 1
eai-fbd 1
ejj-fbd 2
514
3
bceh-fbe 7
fgi-fbe 1
bajc-fbe 2
515
1
jbh-fbf 12
516
2
edb-fbg 2
dff-fbg 1
517
6
fdh-fbh 2
bc-fbh 1
bcjg-fbh 1
fgb-fbh 1
hca-fbh 1
ib-fbh 2
518
5
bjb-fbi 2
ebf-fbi 1
cfg-fbi 2
eah-fbi 1
dcc-fbi 1
519
6
hdc-fbj 18
beig-fbj 2
fch-fbj 1
hb-fbj 2
ieg-fbj 1
fdc-fbj 1
520
5
gaj-fca 3
bccg-fca 3
jib-fca 2
dce-fca 1
bcie-fca 2
521
5
bcdf-fcb 12
hbb-fcb 2
bhb-fcb 2
h-fcb 1
fij-fcb 2
522
4
bfca-fcc 24
gbd-fcc 3
gic-fcc 2
fjh-fcc 2
523
4
cba-fcd 23
cae-fcd 2
ghf-fcd 2
hib-fcd 2
524
3
baec-fce 25
gia-fce 6
gjh-fce 2
525
7
ehe-fcf 6
baib-fcf 2
ebi-fcf 1
bff-fcf 1
cce-fcf 1
cgf-fcf 1
ejd-fcf 1
526
4
gcc-fcg 10
bcah-fcg 1
bbe-fcg 1
eig-fcg 1
527
8
ecb-fch 2
eae-fch 2
bcee-fch 2
fcf-fch 1
beaj-fch 1
hfc-fch 2
cjb-fch 1
bfgh-fch 1
528
8
iba-fci 2
dfh-fci 1
bbea-fci 2
dei-fci 2
fhg-fci 2
bjf-fci 2
dfd-fci 2
iei-fci 1
529
6
hge-fcj 1
ffb-fcj 1
ghc-fcj 1
egd-fcj 2
fcg-fcj 1
heb-fcj 1
530
6
bbbd-fda 4
cfd-fda 3
edf-fda 2
bhi-fda 2
bhj-fda 1
gca-fda 2
531
5
eha-fdb 48
def-fdb 5
ccf-fdb 2
ffg-fdb 1
bcga-fdb 2
532
6
bahi-fdc 3
cif-fdc 1
dhh-fdc 1
dad-fdc 1
bbjb-fdc 1
eg-fdc 2
533
9
baei-fdd 6
edd-fdd 5
hid-fdd 2
bfha-fdd 1
eaf-fdd 2
bei-fdd 2
dfb-fdd 2
bfie-fdd 1
baif-fdd 1
534
3
egb-fde 2
jj-fde 1
fih-fde 1
535
6
ibe-fdf 12
gdc-fdf 2
fdg-fdf 2
cgg-fdf 2
fbj-fdf 2
bade-fdf 1
536
5
bach-fdg 4
bdhg-fdg 2
gbh-fdg 2
gje-fdg 2
bhi-fdg 1
537
7
deb-fdh 6
ffa-fdh 1
cjd-fdh 2
cdc-fdh 2
hjd-fdh 1
bcjh-fdh 2
gf-fdh 1
538
2
jii-fdi 18
bh-fdi 2
539
2
bdfh-fdj 41
hbh-fdj 5
540
5
bdcd-fea 6
bbia-fea 6
bceb-fea 2
caf-fea 1
ee-fea 2
541
6
ieb-feb 10
dfh-feb 2
ibd-feb 2
hgh-feb 1
ih-feb 1
cid-feb 2
542
3
bfcg-fec 61
bfij-fec 8
ffe-fec 1
543
5
hdi-fed 4
bbhb-fed 3
fdh-fed 2
eac-fed 2
fjd-fed 1
544
5
bbaa-fee 4
ihf-fee 2
ecb-fee 2
fff-fee 1
be-fee 2
545
5
bfdg-fef 58
je-fef 10
bbfh-fef 2
dfe-fef 2
bdad-fef 1
546
6
hgh-feg 21
bcgj-feg 2
bd-feg 1
bi-feg 2
ihh-feg 2
ijc-feg 2
547
5
djg-feh 4
hei-feh 2
bch-feh 2
bbdc-feh 1
chc-feh 2
548
6
begd-fei 20
eeg-fei 2
bcgi-fei 1
ffc-fei 1
fbi-fei 1
dbc-fei 2
549
4
gcg-fej 1
dfe-fej 2
hhe-fej 1
eji-fej 1
550
5
bfef-ffa 11
gch-ffa 5
idb-ffa 3
df-ffa 1
dce-ffa 2
551
7
dab-ffb 3
ica-ffb 2
jfe-ffb 2
cfd-ffb 1
i-ffb 2
cbd-ffb 1
gda-ffb 2
552
4
hbb-ffc 6
bgc-ffc 2
bdj-ffc 2
ejg-ffc 1
553
3
dij-ffd 8
eia-ffd 1
jaf-ffd 1
554
2
hdc-ffe 6
baba-ffe 2
555
7
hfd-fff 2
baae-fff 2
jbf-fff 2
baj-fff 1
edi-fff 1
fgj-fff 2
chc-fff 2
556
1
ffi-ffg 3
557
2
e-ffh 9
fja-ffh 2
558
5
bcdd-ffi 2
cdj-ffi 1
cif-ffi 2
gaj-ffi 1
fed-ffi 1
559
4
gfi-ffj 5
baid-ffj 2
dfd-ffj 1
gih-ffj 1
560
8
bhe-fga 4
eae-fga 2
gei-fga 2
igi-fga 1
cie-fga 2
bdib-fga 2
ceb-fga 2
bbhg-fga 1
561
3
gff-fgb 85
dba-fgb 3
eei-fgb 1
562
5
bagf-fgc 10
dbd-fgc 2
dgd-fgc 2
cjb-fgc 2
jad-fgc 2
563
6
bfic-fgd 5
bfff-fgd 2
dij-fgd 1
ffa-fgd 2
fb-fgd 2
bie-fgd 2
564
2
gjf-fge 31
ibf-fge 1
565
2
ha-fgf 3
def-fgf 1
566
2
ice-fgg 1
bih-fgg 1
567
3
jcf-fgh 6
jjf-fgh 2
dbh-fgh 2
568
4
dfg-fgi 52
eeh-fgi 2
bcbi-fgi 1
hjf-fgi 1
569
4
ghj-fgj 35
bdc-fgj 3
egh-fgj 2
gbh-fgj 1
570
3
fhc-fha 7
bfi-fha 2
bfig-fha 2
571
6
bfcb-fhb 52
beeb-fhb 14
feb-fhb 2
beaa-fhb 1
hfe-fhb 1
bajf-fhb 1
572
6
bfed-fhc 53
bbi-fhc 3
bgea-fhc 2
hch-fhc 2
ijj-fhc 2
cba-fhc 2
573
4
cih-fhd 2
hic-fhd 1
dgi-fhd 1
dea-fhd 1
574
5
ebh-fhe 2
hci-fhe 1
gge-fhe 2
jbe-fhe 2
dic-fhe 1
575
2
gad-fhf 3
ffb-fhf 2
576
4
bbfh-fhg 5
fjc-fhg 2
da-fhg 2
jbb-fhg 1
577
1
cba-fhh 2
578
4
bja-fhi 24
jcb-fhi 8
bcgj-fhi 4
idd-fhi 1
579
5
fag-fhj 1
ii-fhj 1
bgde-fhj 2
gaj-fhj 2
fgf-fhj 1
580
4
gcc-fia 11
hga-fia 2
cdd-fia 2
bb-fia 2
581
3
fgb-fib 5
gjb-fib 1
bag-fib 2
582
6
bgaj-fic 10
cea-fic 5
hgg-fic 1
ijd-fic 1
cif-fic 1
ifh-fic 1
583
6
bbaa-fid 44
cih-fid 5
gif-fid 2
hh-fid 2
fh-fid 2
cdd-fid 2
584
3
efe-fie 7
bccf-fie 4
ffb-fie 1
585
4
gge-fif 8
bfcg-fif 2
ibj-fif 2
bbc-fif 2
586
6
eib-fig 2
dec-fig 2
ejg-fig 1
bfj-fig 2
bjc-fig 1
gfa-fig 1
587
3
id-fih 1
ed-fih 1
bcc-fih 2
588
4
bagb-fii 3
gde-fii 2
bcfh-fii 2
haf-fii 1
589
3
ebj-fij 2
fdf-fij 2
bdfi-fij 1
590
3
edj-fja 12
cih-fja 2
bhf-fja 2
591
9
hae-fjb 7
gef-fjb 5
bggb-fjb 2
caa-fjb 1
cij-fjb 2
gcg-fjb 2
hc-fjb 2
egg-fjb 2
cja-fjb 2
592
5
cie-fjc 61
hdf-fjc 6
dbg-fjc 1
bcff-fjc 2
baee-fjc 2
593
2
cif-fjd 2
ecc-fjd 1
594
4
hci-fje 2
bbac-fje 2
fba-fje 1
hdj-fje 2
595
3
fhc-fjf 2
bahg-fjf 2
jhf-fjf 2
596
2
bcfe-fjg 4
bhg-fjg 2
597
6
baij-fjh 1
g-fjh 1
fdf-fjh 1
ei-fjh 2
babb-fjh 1
ddd-fjh 1
598
9
jbi-fji 2
iga-fji 1
ejc-fji 1
cdf-fji 1
fij-fji 2
bddi-fji 1
ehf-fji 2
hh-fji 1
bgb-fji 1
599
3
bbg-fjj 3
ddi-fjj 2
gj-fjj 1
600
4
bacj-gaa 73
gbb-gaa 2
gie-gaa 2
gjf-gaa 1
601
3
gdh-gab 112
ca-gab 2
ejg-gab 2
602
1
cca-gac 2
603
6
bdfe-gad 16
hij-gad 8
jjh-gad 1
bf-gad 1
bjc-gad 2
cdf-gad 1
604
7
bfi-gae 1
hca-gae 1
ghc-gae 2
bd-gae 2
jci-gae 1
ceb-gae 2
eig-gae 2
605
1
bjh-gaf 2
606
5
dgc-gag 2
jij-gag 2
bahg-gag 1
dff-gag 2
bcba-gag 1
607
5
iaf-gah 4
fac-gah 1
cdd-gah 2
cjc-gah 1
ici-gah 2
608
2
gff-gai 1
daa-gai 2
609
4
di-gaj 56
bcde-gaj 9
ccf-gaj 2
iae-gaj 2
610
5
bbge-gba 19
bbib-gba 13
fdi-gba 2
hgc-gba 1
gcb-gba 2
611
6
eja-gbb 4
bfjj-gbb 2
dhf-gbb 2
cgb-gbb 1
becb-gbb 2
efh-gbb 2
612
6
baab-gbc 4
bbhc-gbc 2
hb-gbc 1
bbh-gbc 1
ga-gbc 1
bej-gbc 1
613
4
fcb-gbd 3
bbcd-gbd 3
cg-gbd 2
gca-gbd 1
614
1
bgfd-gbe 291
615
4
ccj-gbf 2
fgd-gbf 2
bdcf-gbf 2
bbeh-gbf 1
616
4
dhh-gbg 4
bbcb-gbg 1
hhb-gbg 1
dga-gbg 1
617
3
ff-gbh 7
dje-gbh 2
ejj-gbh 1
618
7
ifc-gbi 3
bbeh-gbi 3
bacg-gbi 2
dbi-gbi 2
ej-gbi 1
cfd-gbi 1
dib-gbi 1
619
4
bbfi-gbj 20
gch-gbj 3
jej-gbj 1
eaa-gbj 2
620
7
hbg-gca 2
haj-gca 1
ddd-gca 1
gfd-gca 1
iid-gca 2
jig-gca 2
bbfc-gca 1
621
6
bfbd-gcb 5
cab-gcb 3
bafh-gcb 2
jca-gcb 2
bch-gcb 2
bbbb-gcb 1
622
8
cdh-gcc 6
bafc-gcc 4
baee-gcc 1
bbii-gcc 1
baad-gcc 1
ejb-gcc 2
iie-gcc 1
gaj-gcc 2
623
4
egf-gcd 3
bbjd-gcd 2
ja-gcd 1
bgbi-gcd 1
624
3
fai-gce 1
dhb-gce 2
bdfi-gce 1
625
3
cgj-gcf 2
baii-gcf 2
daf-gcf 1
626
4
ijg-gcg 4
hgd-gcg 1
chg-gcg 1
cce-gcg 1
627
5
bdc-gch 9
cih-gch 2
fjh-gch 2
eja-gch 2
ffb-gch 1
628
6
igb-gci 9
cea-gci 4
bga-gci 3
gid-gci 2
fdc-gci 2
ghh-gci 2
629
2
ebb-gcj 11
ged-gcj 2
630
2
ihh-gda 11
bdcf-gda 3
631
4
eah-gdb 83
bbg-gdb 2
bdci-gdb 2
cb-gdb 2
632
5
ifc-gdc 3
babf-gdc 2
cah-gdc 1
gbe-gdc 2
igj-gdc 2
633
4
bcag-gdd 2
dgb-gdd 1
hfi-gdd 1
efh-gdd 2
634
5
baeb-gde 5
cdd-gde 2
gah-gde 1
hed-gde 1
gba-gde 2
635
4
bchf-gdf 14
gfe-gdf 11
bhc-gdf 2
hjh-gdf 2
636
5
bddj-gdg 20
hag-gdg 5
bajh-gdg 2
db-gdg 2
gfd-gdg 2
637
4
jci-gdh 98
bdfd-gdh 2
if-gdh 1
iih-gdh 2
638
1
jcc-gdi 4
639
3
gjg-gdj 4
dib-gdj 2
cei-gdj 1
640
5
dea-gea 3
edi-gea 2
eaa-gea 2
cda-gea 1
jh-gea 2
641
5
hhd-geb 4
begg-geb 2
hfa-geb 1
eff-geb 2
fcb-geb 1
642
2
ihd-gec 8
ffc-gec 2
643
1
bdbj-ged 16
644
1
dda-gee 4
645
4
dfi-gef 13
bdgj-gef 2
gfh-gef 2
gij-gef 1
646
4
bfcj-geg 5
cie-geg 2
gaj-geg 1
baaa-geg 1
647
4
jg-geh 25
iai-geh 2
gah-geh 1
bjh-geh 1
648
4
daf-gei 8
iba-gei 4
ffa-gei 2
eeb-gei 1
649
5
hgi-gej 6
fec-gej 3
cab-gej 1
bge-gej 1
gda-gej 2
650
2
hbc-gfa 7
bgeg-gfa 7
651
4
jhj-gfb 72
bcbi-gfb 1
g-gfb 2
gfj-gfb 1
652
4
bcb-gfc 2
baha-gfc 1
bche-gfc 1
ccf-gfc 2
653
3
bdbg-gfd 18
gch-gfd 7
hjb-gfd 2
654
3
baci-gfe 24
bif-gfe 1
hfa-gfe 1
655
7
idi-gff 46
ehe-gff 3
egf-gff 2
bga-gff 2
hh-gff 1
jbi-gff 2
eci-gff 1
656
4
bahh-gfg 5
cef-gfg 2
chc-gfg 2
jaj-gfg 1
657
4
iga-gfh 1
jaj-gfh 2
ffb-gfh 1
bi-gfh 1
658
5
becd-gfi 26
ech-gfi 2
ghc-gfi 2
jeh-gfi 2
dbd-gfi 1
659
1
bdba-gfj 10
660
3
bhe-gga 7
hhe-gga 2
gbc-gga 1
661
4
eae-ggb 4
bee-ggb 2
igf-ggb 2
bej-ggb 1
662
2
bgae-ggc 10
id-ggc 3
663
4
jhh-ggd 7
djj-ggd 1
igd-ggd 1
cjh-ggd 2
664
9
efd-gge 9
bdc-gge 2
ehc-gge 1
bfid-gge 1
beai-gge 2
ifg-gge 2
beg-gge 2
gaj-gge 1
eeb-gge 1
665
5
jfj-ggf 7
feh-ggf 1
bcdj-ggf 1
hab-ggf 2
ibj-ggf 1
666
4
dij-ggg 69
die-ggg 2
bih-ggg 1
caf-ggg 1
667
1
cab-ggh 4
668
3
cgh-ggi 13
bfc-ggi 4
cbc-ggi 1
670
4
ifc-gha 5
gdh-gha 3
gii-gha 1
bfgj-gha 1
671
6
bbfg-ghb 6
idb-ghb 5
bgae-ghb 2
bgef-ghb 2
bbff-ghb 1
ccg-ghb 2
672
8
beid-ghc 9
cib-ghc 3
fhi-ghc 3
bch-ghc 2
begg-ghc 2
efi-ghc 1
fea-ghc 1
jjf-ghc 2
673
3
egj-ghd 15
did-ghd 3
bae-ghd 1
674
3
cji-ghe 2
ccb-ghe 2
ggg-ghe 2
675
1
ggb-ghf 9
676
4
fhb-ghg 2
cej-ghg 2
dhh-ghg 2
fdj-ghg 2
677
3
cbc-ghh 8
bacj-ghh 1
fdi-ghh 1
678
4
daf-ghi 13
hai-ghi 2
cic-ghi 1
bge-ghi 1
679
5
bcbc-ghj 28
fcd-ghj 2
hec-ghj 1
eig-ghj 2
fdb-ghj 2
680
4
egg-gia 2
hbf-gia 1
ied-gia 2
ccg-gia 1
681
3
bbhf-gib 90
cic-gib 1
ehj-gib 2
682
5
dhi-gic 5
fed-gic 1
gge-gic 1
bjc-gic 2
bbga-gic 2
683
2
cjj-gid 80
ddg-gid 1
684
3
iih-gie 19
ici-gie 3
ihe-gie 1
685
5
hge-gif 39
jea-gif 12
bcig-gif 5
bcdi-gif 2
gdf-gif 1
686
4
ijf-gig 1
cec-gig 1
bbe-gig 1
gj-gig 2
687
5
badc-gih 21
die-gih 5
baai-gih 2
fic-gih 2
bbfb-gih 1
688
3
baab-gii 9
ib-gii 2
cgf-gii 2
689
5
ibd-gij 5
bei-gij 2
ehf-gij 1
ehh-gij 2
fgh-gij 2
690
2
ecd-gja 7
bajc-gja 2
691
1
ebc-gjb 2
692
5
gbe-gjc 39
behb-gjc 33
hji-gjc 22
hg-gjc 2
ca-gjc 2
693
1
gad-gjd 5
694
4
bhc-gje 9
bbdf-gje 3
eca-gje 2
b-gje 2
695
3
ieg-gjf 23
dig-gjf 14
hdh-gjf 6
696
6
behg-gjg 6
bdda-gjg 5
bbic-gjg 3
egg-gjg 2
bfb-gjg 2
dci-gjg 2
697
3
cbg-gjh 30
dfd-gjh 4
cje-gjh 2
698
2
ghe-gji 1
bbgf-gji 2
699
4
iii-gjj 3
hhe-gjj 1
cg-gjj 2
fbi-gjj 2
700
4
bcea-haa 7
bjj-haa 3
dbe-haa 1
dg-haa 2
701
3
bcfg-hab 3
gc-hab 1
fij-hab 1
702
4
gdb-hac 2
bcbg-hac 2
gid-hac 1
eif-hac 1
703
1
iec-had 9
704
6
bbic-hae 23
chi-hae 16
hea-hae 6
idb-hae 3
ije-hae 2
fac-hae 2
705
5
jda-haf 108
bbcd-haf 2
jji-haf 1
gic-haf 1
cdd-haf 2
706
6
hje-hag 7
bcgb-hag 1
dic-hag 2
ecj-hag 2
beje-hag 2
dfg-hag 1
707
4
fda-hah 16
efj-hah 5
dcd-hah 1
ghg-hah 2
708
3
hfh-hai 5
bce-hai 2
bfh-hai 2
709
1
bdjj-haj 176
710
3
bdbi-hba 9
bega-hba 4
gee-hba 1
711
4
fac-hbb 7
cfb-hbb 2
cgj-hbb 2
eee-hbb 1
712
3
ffc-hbc 8
jdg-hbc 8
bdif-hbc 1
713
6
bdff-hbd 21
bei-hbd 2
eij-hbd 2
iah-hbd 1
jjf-hbd 1
bcbd-hbd 2
714
3
fc-hbe 21
fji-hbe 13
edh-hbe 1
715
3
fcf-hbf 7
jf-hbf 1
dga-hbf 1
716
5
bdjf-hbg 4
ife-hbg 3
gde-hbg 3
egh-hbg 1
jh-hbg 2
717
4
babe-hbh 30
ci-hbh 14
dbj-hbh 1
ifg-hbh 2
718
2
jfh-hbi 9
egd-hbi 4
719
2
bedf-hbj 104
jge-hbj 31
720
7
ibe-hca 2
hcf-hca 1
jid-hca 1
cib-hca 1
ead-hca 1
g-hca 1
ejj-hca 1
721
5
bahd-hcb 56
bdfa-hcb 2
ffe-hcb 2
cha-hcb 2
jba-hcb 2
722
2
cie-hcc 1
iee-hcc 2
723
5
jee-hcd 40
bgi-hcd 10
bdhb-hcd 2
hhf-hcd 2
ghf-hcd 1
724
7
ejf-hce 2
bchf-hce 1
eab-hce 1
beaf-hce 1
dha-hce 2
gfj-hce 1
bde-hce 2
725
5
gad-hcf 22
b-hcf 6
bbae-hcf 3
hhc-hcf 2
cih-hcf 1
726
4
ibf-hcg 16
baed-hcg 7
ja-hcg 4
jjg-hcg 2
727
4
gdg-hch 3
fci-hch 2
jcb-hch 2
ghe-hch 2
728
5
ggi-hci 7
geh-hci 3
bdff-hci 3
fbf-hci 2
baef-hci 1
729
6
bbgd-hcj 7
eec-hcj 3
ejb-hcj 1
jd-hcj 2
hdb-hcj 1
bbbg-hcj 1
730
5
dec-hda 5
ffb-hda 4
idc-hda 2
ea-hda 1
eda-hda 2
731
4
bfhg-hdb 36
bejg-hdb 12
fei-hdb 1
jh-hdb 1
732
6
befb-hdc 8
jbf-hdc 6
bdac-hdc 5
cbi-hdc 2
gig-hdc 2
cej-hdc 1
733
4
bdg-hdd 9
ejb-hdd 2
cih-hdd 2
bcf-hdd 2
734
3
jfh-hde 14
bbjf-hde 5
gdj-hde 1
735
5
bbha-hdf 9
gbh-hdf 4
dci-hdf 2
bcfg-hdf 2
fad-hdf 2
736
3
fjc-hdg 42
dac-hdg 2
eba-hdg 1
737
3
fec-hdh 6
ihb-hdh 3
baga-hdh 2
738
3
beah-hdi 13
iae-hdi 2
bic-hdi 2
739
4
haa-hdj 7
eci-hdj 3
jbj-hdj 2
bci-hdj 1
740
8
befg-hea 6
djb-hea 4
fdf-hea 2
bdfd-hea 1
jjg-hea 2
bcji-hea 2
cb-hea 1
jb-hea 1
741
2
icg-heb 4
fab-heb 1
742
4
bdhc-hec 12
bfjg-hec 4
fai-hec 3
bdda-hec 3
743
3
bcbg-hed 4
ffe-hed 2
bfei-hed 2
744
3
bfhd-hee 13
gbf-hee 5
ijb-hee 2
745
5
bjd-hef 25
bfch-hef 3
beg-hef 2
gha-hef 1
bge-hef 2
746
3
bcdd-heg 6
ceb-heg 2
fid-heg 2
747
4
hii-heh 9
dcb-heh 2
ggc-heh 1
ed-heh 1
748
3
if-hei 3
fad-hei 2
ie-hei 2
749
4
bgbd-hej 3
cec-hej 2
ccd-hej 2
gcc-hej 1
750
5
dgc-hfa 2
befe-hfa 2
jhg-hfa 1
jga-hfa 2
bdi-hfa 1
751
5
icd-hfb 3
bff-hfb 2
gc-hfb 2
egc-hfb 2
beh-hfb 2
752
3
gjh-hfc 4
bcdc-hfc 2
gab-hfc 2
753
4
eih-hfd 2
bad-hfd 1
bcec-hfd 1
ddc-hfd 1
754
4
bahd-hfe 6
ejg-hfe 3
gac-hfe 1
dfb-hfe 2
755
3
hge-hff 2
bacc-hff 1
bbci-hff 2
756
3
bbac-hfg 83
gfd-hfg 3
ij-hfg 2
757
5
ede-hfh 9
ihf-hfh 2
bbaj-hfh 2
ibb-hfh 1
eci-hfh 2
758
3
beih-hfi 119
eci-hfi 5
heb-hfi 1
759
3
bfhi-hfj 38
gaa-hfj 5
jfc-hfj 1
760
2
bbg-hga 20
fdb-hga 4
761
6
hfc-hgb 2
gcc-hgb 2
bccd-hgb 2
bdf-hgb 1
iaj-hgb 1
dfj-hgb 2
762
4
hje-hgc 12
fia-hgc 9
fea-hgc 3
dej-hgc 2
763
2
bbfa-hgd 9
bedb-hgd 6
764
3
beff-hge 73
efg-hge 6
jdc-hge 2
765
4
bafe-hgf 7
icd-hgf 4
fea-hgf 2
bci-hgf 1
766
3
baib-hgg 1
ehf-hgg 2
ddc-hgg 1
767
2
dej-hgh 232
deg-hgh 6
768
4
baja-hgi 22
cdb-hgi 5
baai-hgi 1
hah-hgi 2
769
1
bbjj-hgj 2
770
6
ihj-hha 7
hdd-hha 2
baad-hha 1
ii-hha 2
bi-hha 1
dag-hha 2
771
5
bbaa-hhb 3
gfa-hhb 1
dfa-hhb 1
bbaj-hhb 1
fj-hhb 2
772
3
beff-hhc 20
fhc-hhc 2
eia-hhc 1
773
4
gaa-hhd 36
bdec-hhd 5
ch-hhd 2
bbd-hhd 1
774
5
eff-hhe 7
bdfa-hhe 1
dji-hhe 1
gja-hhe 1
fcd-hhe 1
775
4
bafj-hhf 2
bcf-hhf 2
dag-hhf 2
ed-hhf 2
776
4
dgd-hhg 6
hbb-hhg 3
bcd-hhg 2
ga-hhg 1
777
2
haa-hhh 1
ebd-hhh 2
778
2
bdci-hhi 17
dcj-hhi 2
779
7
bfag-hhj 8
jec-hhj 2
beb-hhj 1
hie-hhj 2
cbg-hhj 1
idc-hhj 1
chi-hhj 2
780
3
jdd-hia 13
bbie-hia 3
dbf-hia 2
781
3
bbi-hib 39
bbfb-hib 2
ccc-hib 2
782
4
bgcf-hic 26
dhd-hic 5
dcc-hic 4
chh-hic 1
783
1
bgdg-hid 19
784
2
bgbb-hie 4
bjg-hie 2
785
3
fje-hif 5
ggc-hif 4
cii-hif 3
786
3
fig-hig 6
che-hig 2
gb-hig 2
787
5
ddh-hih 13
iaf-hih 2
bfg-hih 2
eii-hih 2
bdbe-hih 2
788
4
cgi-hii 47
djb-hii 2
jaj-hii 2
fej-hii 1
789
6
bji-hij 5
dif-hij 4
jff-hij 1
hag-hij 1
bbbd-hij 1
fj-hij 1
790
2
fae-hja 9
gbd-hja 7
791
3
cfh-hjb 65
cbb-hjb 2
bde-hjb 2
792
7
bbfi-hjc 11
bfhe-hjc 10
hcc-hjc 2
gaj-hjc 2
ifd-hjc 1
hbi-hjc 1
edj-hjc 1
793
2
fef-hjd 180
bbd-hjd 1
794
2
bdja-hje 101
fgj-hje 65
795
3
edj-hjf 48
beji-hjf 10
gid-hjf 2
796
7
cfa-hjg 1
jgg-hjg 2
gci-hjg 2
eda-hjg 1
gdj-hjg 1
jdh-hjg 2
igd-hjg 2
797
2
caj-hjh 2
bcg-hjh 1
798
3
hfj-hji 44
bba-hji 2
iac-hji 1
799
7
fgd-hjj 4
gah-hjj 3
bgc-hjj 1
bace-hjj 1
fe-hjj 2
cjf-hjj 1
beea-hjj 2
800
6
dhc-iaa 40
jcg-iaa 32
ead-iaa 1
deb-iaa 2
eef-iaa 1
cij-iaa 2
801
3
ech-iab 47
bdbh-iab 8
cdh-iab 2
802
3
hbi-iac 8
hia-iac 2
eic-iac 2
803
5
cgd-iad 4
d-iad 2
cba-iad 1
jcd-iad 2
dd-iad 1
804
5
cdf-iae 44
bcd-iae 3
fjd-iae 1
cib-iae 2
cjg-iae 2
805
4
gjf-iaf 14
ejf-iaf 2
ecj-iaf 2
jd-iaf 2
806
4
bage-iag 66
ihd-iag 2
ejg-iag 2
begg-iag 2
807
2
dad-iah 4
fei-iah 1
808
4
dje-iai 15
beja-iai 2
jh-iai 1
gf-iai 2
809
3
bddg-iaj 6
gci-iaj 1
gbh-iaj 2
810
5
bafb-iba 10
bbba-iba 9
bcb-iba 3
bbbj-iba 1
ejb-iba 1
811
2
iha-ibb 7
bead-ibb 1
812
2
bbgf-ibc 2
egb-ibc 2
813
2
bgcj-ibd 42
bdhd-ibd 17
814
3
bbcc-ibe 19
fba-ibe 12
jbe-ibe 1
815
3
bffh-ibf 12
dih-ibf 8
dje-ibf 5
816
4
fhg-ibg 6
bafg-ibg 2
ceb-ibg 1
efj-ibg 1
817
3
babb-ibh 60
eja-ibh 45
bahj-ibh 2
818
5
fdi-ibi 5
bjc-ibi 2
fii-ibi 1
jib-ibi 1
gi-ibi 1
819
4
dfd-ibj 9
bbdb-ibj 5
bbcd-ibj 4
hae-ibj 1
820
5
becf-ica 4
dgi-ica 2
bcfh-ica 1
edc-ica 1
jde-ica 2
821
3
hfi-icb 113
fhj-icb 2
fib-icb 2
822
2
fdh-icc 2
edb-icc 2
823
5
hj-icd 12
jaj-icd 9
hcd-icd 2
jaa-icd 1
eig-icd 1
824
3
ehd-ice 81
jfh-ice 2
hgi-ice 1
825
4
fce-icf 16
dbb-icf 3
cih-icf 2
bcha-icf 2
826
3
bjj-icg 84
bcdi-icg 18
gcg-icg 4
827
2
beei-ich 8
djd-ich 1
828
3
jc-ici 93
cj-ici 3
dfa-ici 3
829
2
jie-icj 11
hbe-icj 1
830
5
bcfd-ida 11
hee-ida 2
jbh-ida 2
bhf-ida 2
ehj-ida 1
831
7
ghi-idb 3
bach-idb 2
fce-idb 2
cdh-idb 2
cii-idb 2
bfjd-idb 1
jcb-idb 1
832
3
gjg-idc 34
iij-idc 2
djj-idc 1
833
4
bfda-idd 13
bbah-idd 2
fj-idd 2
fih-idd 1
834
1
fgc-ide 2
835
5
dh-idf 5
dii-idf 3
efa-idf 3
jhi-idf 1
bajg-idf 2
836
4
dhd-idg 14
bfi-idg 2
bagf-idg 2
ic-idg 1
837
3
bad-idh 2
gdg-idh 1
hhg-idh 2
838
5
bgfa-idi 47
ech-idi 16
bbdd-idi 4
hhc-idi 1
baeh-idi 1
839
3
bcc-idj 10
fdj-idj 9
bgf-idj 2
840
4
bebf-iea 68
bij-iea 4
chb-iea 1
eeb-iea 1
841
3
fhb-ieb 16
bbie-ieb 4
bdaj-ieb 2
842
5
hfg-iec 47
bbca-iec 2
iff-iec 2
hfh-iec 2
fgf-iec 1
843
4
bbid-ied 12
jac-ied 10
hhb-ied 1
bche-ied 1
844
3
efc-iee 2
baje-iee 2
bdcd-iee 2
845
4
bfc-ief 9
bbah-ief 8
hag-ief 2
ea-ief 1
846
5
idd-ieg 10
ffh-ieg 3
hcd-ieg 2
fjj-ieg 2
ebg-ieg 1
847
4
bchj-ieh 9
caj-ieh 2
bge-ieh 1
bjg-ieh 2
848
6
efg-iei 8
hgi-iei 8
behf-iei 2
bcgb-iei 1
dbf-iei 2
gdf-iei 2
849
2
bbh-iej 125
bdi-iej 1
850
5
hcf-ifa 13
ccc-ifa 6
bbbi-ifa 3
bdbe-ifa 2
bdih-ifa 2
851
3
dfh-ifb 17
bagh-ifb 9
fgh-ifb 1
852
6
bchg-ifc 31
jid-ifc 6
ejj-ifc 3
cee-ifc 2
gfa-ifc 1
fdj-ifc 1
853
4
bbhd-ifd 26
cf-ifd 10
bah-ifd 1
ijh-ifd 2
854
3
hjf-ife 57
dad-ife 21
bbdj-ife 1
855
5
efe-iff 14
jgf-iff 2
fb-iff 1
bjb-iff 1
cgi-iff 2
856
3
bgeb-ifg 26
be-ifg 15
jci-ifg 2
857
4
cid-ifh 7
baai-ifh 2
baga-ifh 2
eif-ifh 1
858
2
bcci-ifi 7
badf-ifi 2
859
1
chb-ifj 2
860
2
ebb-iga 10
gfj-iga 2
861
2
cif-igb 27
gb-igb 2
862
3
bcgi-igc 17
eaf-igc 3
gh-igc 1
863
3
ggg-igd 4
ife-igd 3
hfd-igd 2
864
3
hjc-ige 18
dbj-ige 4
dbi-ige 2
865
1
egi-igf 2
866
1
babd-igg 2
867
1
hag-igh 20
868
3
bcbj-igi 2
bbg-igi 2
gag-igi 2
869
4
jba-igj 6
bdie-igj 4
dde-igj 2
gih-igj 2
870
4
bcdj-iha 60
hgf-iha 11
jfa-iha 5
bbfe-iha 1
871
2
bbcj-ihb 5
eii-ihb 2
872
3
ehj-ihc 3
eba-ihc 2
jfd-ihc 1
873
4
behh-ihd 27
bbdd-ihd 24
fj-ihd 1
bgei-ihd 2
874
3
hdg-ihe 9
hdi-ihe 5
hdj-ihe 2
875
5
bbad-ihf 23
ijj-ihf 2
bfcc-ihf 2
eh-ihf 1
cfb-ihf 2
876
4
gij-ihg 5
cdj-ihg 3
gbf-ihg 1
bcj-ihg 1
877
3
cib-ihh 6
gih-ihh 2
eef-ihh 1
878
5
bdgf-ihi 49
bebh-ihi 2
gjh-ihi 1
hdb-ihi 1
jg-ihi 1
879
2
caf-ihj 37
cef-ihj 12
880
3
fgb-iia 84
fid-iia 5
hfh-iia 2
881
5
baeb-iib 34
id-iib 9
bafa-iib 1
chd-iib 2
cfb-iib 1
882
4
fag-iic 14
jje-iic 14
iie-iic 2
gfa-iic 2
883
4
ffa-iid 2
iae-iid 1
cej-iid 1
bfei-iid 2
884
5
bejf-iie 3
jee-iie 2
bec-iie 1
cbb-iie 2
bgc-iie 2
885
2
bbei-iif 7
hif-iif 5
886
3
hcg-iig 8
ddg-iig 2
hjb-iig 1
887
1
hbj-iih 259
888
1
bbib-iii 12
889
1
baaa-iij 36
890
3
iaa-ija 1
dbj-ija 2
bcfe-ija 1
891
1
ega-ijb 1
892
4
cgi-ijc 2
bbf-ijc 2
hg-ijc 2
bcij-ijc 1
893
3
beda-ijd 107
hfi-ijd 12
gdh-ijd 3
894
4
beef-ije 18
bbbj-ije 6
bef-ije 2
gda-ije 1
895
2
bj-ijf 3
hei-ijf 2
896
2
behi-ijg 53
ig-ijg 2
897
2
bii-ijh 5
hhg-ijh 2
898
1
gd-iji 23
899
2
iaf-ijj 8
cff-ijj 2
900
3
bbjh-jaa 11
jbg-jaa 1
cf-jaa 2
901
3
gbe-jab 1
baej-jab 2
djh-jab 1
902
5
ghg-jac 2
ejj-jac 2
ibb-jac 2
bgg-jac 2
hca-jac 1
903
3
bcij-jad 2
djc-jad 2
dgj-jad 2
904
3
bbih-jae 19
cja-jae 2
ee-jae 2
905
2
bdig-jaf 9
bgd-jaf 2
906
3
cbc-jag 6
cg-jag 3
bdij-jag 2
907
6
bchh-jah 11
baia-jah 10
fie-jah 3
cfe-jah 2
bcif-jah 2
bajg-jah 1
908
5
gbj-jai 19
bbbg-jai 17
efa-jai 5
bffi-jai 3
hah-jai 2
909
2
ebd-jaj 65
iic-jaj 4
910
3
gej-jba 13
bdef-jba 2
cgd-jba 2
911
2
dhg-jbb 8
gjc-jbb 5
912
2
jca-jbc 43
gbg-jbc 10
913
3
bfad-jbd 8
dij-jbd 5
bgh-jbd 3
914
3
fbj-jbe 2
de-jbe 2
bbig-jbe 2
915
5
bedi-jbf 19
gfg-jbf 1
hai-jbf 1
cc-jbf 2
jbe-jbf 1
916
5
ehd-jbg 12
baie-jbg 8
bdid-jbg 2
igc-jbg 2
bjd-jbg 2
917
3
dbd-jbh 19
babf-jbh 19
bji-jbh 2
918
2
bdcc-jbi 98
hai-jbi 2
919
5
hdc-jbj 2
ejd-jbj 2
jhb-jbj 1
daa-jbj 1
ieg-jbj 2
920
4
jfg-jca 28
idf-jca 8
fdh-jca 2
jde-jca 2
921
4
faj-jcb 6
gae-jcb 6
hhf-jcb 2
ihh-jcb 2
922
3
gfb-jcc 12
fej-jcc 2
fjg-jcc 1
923
4
hgh-jcd 7
jcc-jcd 6
ied-jcd 1
bagh-jcd 1
924
1
bafi-jce 8
925
3
igj-jcf 7
djc-jcf 2
ghe-jcf 2
926
3
ggg-jcg 75
babe-jcg 2
cfj-jcg 2
927
1
hhh-jch 2
928
6
bfbf-jci 63
gih-jci 16
fch-jci 1
hhe-jci 2
fb-jci 2
beia-jci 1
930
3
bdig-jda 172
bgdf-jda 7
cjb-jda 2
931
5
hge-jdb 6
cgf-jdb 4
jhc-jdb 3
bbaj-jdb 1
jji-jdb 2
932
3
gdh-jdc 3
jc-jdc 1
hbh-jdc 2
933
3
dhc-jdd 18
dic-jdd 6
ffh-jdd 1
934
6
bi-jde 21
bcjb-jde 1
bdgi-jde 1
baad-jde 2
ha-jde 2
bie-jde 1
936
7
dhj-jdg 5
ibi-jdg 2
gea-jdg 2
bhb-jdg 2
cjh-jdg 1
bh-jdg 1
fbf-jdg 2
937
1
ea-jdh 1
938
1
dfb-jdi 2
939
4
jfj-jdj 3
eic-jdj 2
ja-jdj 1
dhb-jdj 1
940
2
ije-jea 30
ef-jea 2
941
1
jad-jeb 8
942
5
ehc-jec 2
dae-jec 2
bdfg-jec 1
badg-jec 1
bgb-jec 1
943
1
djc-jed 3
944
4
hjb-jee 50
cfg-jee 2
ceg-jee 1
ej-jee 2
945
5
badj-jef 23
bbje-jef 13
fad-jef 4
beh-jef 2
bbfe-jef 1
946
2
bbj-jeg 13
baib-jeg 2
947
3
bgdb-jeh 5
ddj-jeh 2
bafe-jeh 2
948
2
eff-jei 1
jja-jei 2
949
3
ehb-jej 32
dch-jej 32
fgj-jej 2
950
4
fdj-jfa 16
bhe-jfa 8
iec-jfa 5
chb-jfa 2
951
3
ebb-jfb 6
bbdb-jfb 2
cge-jfb 2
952
3
jgb-jfc 80
cgh-jfc 13
egb-jfc 2
953
2
babc-jfd 45
fbd-jfd 16
954
4
bfgb-jfe 76
c-jfe 10
bcif-jfe 2
egf-jfe 1
955
3
egg-jff 8
bfeb-jff 6
ee-jff 1
956
4
bccb-jfg 14
ega-jfg 12
fic-jfg 1
ghc-jfg 2
957
5
gfb-jfh 52
fdf-jfh 13
bffj-jfh 9
eij-jfh 2
ddc-jfh 1
958
4
befa-jfi 51
bbj-jfi 44
dii-jfi 4
eib-jfi 2
959
5
bdhe-jfj 71
bcc-jfj 2
jfa-jfj 2
bcaj-jfj 2
eac-jfj 2
960
5
bfcd-jga 76
bagg-jga 3
fdf-jga 2
bfab-jga 1
bfcf-jga 2
961
1
ecd-jgb 242
962
5
ibd-jgc 10
ied-jgc 3
babj-jgc 3
bba-jgc 2
cfa-jgc 2
963
1
ghb-jgd 2
964
5
bcgj-jge 13
bedj-jge 3
bagf-jge 1
gbf-jge 1
dda-jge 2
965
5
i-jgf 9
hhj-jgf 4
bhg-jgf 2
fbf-jgf 1
fjd-jgf 1
966
3
heh-jgg 9
bajc-jgg 7
cfd-jgg 2
967
2
dfc-jgh 6
jcb-jgh 5
968
2
iae-jgi 115
gjf-jgi 2
970
4
jia-jha 15
ghd-jha 11
bea-jha 2
efh-jha 1
971
1
ejg-jhb 3
972
4
eej-jhc 11
ced-jhc 3
hei-jhc 1
gga-jhc 2
973
2
gba-jhd 76
geb-jhd 10
974
3
bbai-jhe 4
jae-jhe 1
jih-jhe 2
975
4
bajj-jhf 48
behe-jhf 22
fch-jhf 5
gid-jhf 2
976
2
hde-jhg 27
fbi-jhg 5
977
3
bfia-jhh 9
gab-jhh 2
gej-jhh 2
978
3
bcj-jhi 8
bagi-jhi 2
fca-jhi 1
979
1
eei-jhj 289
980
7
bded-jia 8
ecc-jia 2
baac-jia 2
ddg-jia 1
bje-jia 2
hdd-jia 1
baca-jia 2
981
4
iac-jib 4
bjf-jib 2
bab-jib 2
gda-jib 1
982
2
igj-jic 7
hff-jic 1
983
4
bgfj-jid 8
jff-jid 5
bdgd-jid 2
cag-jid 1
984
3
baih-jie 5
hdb-jie 2
cij-jie 1
985
4
hah-jif 13
bb-jif 10
dge-jif 3
bdih-jif 2
986
3
gha-jig 13
bafi-jig 3
bbe-jig 1
987
3
bfa-jih 2
jhi-jih 1
gfi-jih 2
988
4
ddf-jii 12
cei-jii 1
bjh-jii 1
ihe-jii 1
989
2
ge-jij 1
bah-jij 1
990
1
idh-jja 3
991
6
hja-jjb 2
bdi-jjb 1
cjc-jjb 2
jif-jjb 1
ieg-jjb 1
ihg-jjb 2
992
3
bcgb-jjc 34
jbg-jjc 6
jhg-jjc 4
993
1
daj-jjd 6
994
5
bbcg-jje 8
baig-jje 6
badd-jje 2
ej-jje 2
hdd-jje 1
995
2
hja-jjf 9
ccf-jjf 2
996
2
gfc-jjg 7
efa-jjg 3
997
1
geh-jjh 15
998
2
hef-jji 5
j-jji 2
999
3
bcci-jjj 124
edg-jjj 3
baea-jjj 3
1000
1
fgi-baaa 211
1001
5
jeg-baab 6
ifd-baab 3
efi-baab 1
bc-baab 1
bbdf-baab 2
1002
2
jbh-baac 23
hig-baac 4
1003
4
ceb-baad 44
bbbh-baad 13
ehj-baad 3
jcd-baad 3
1004
2
eje-baae 16
dib-baae 1
1005
2
baae-baaf 11
bdej-baaf 1
1006
5
jci-baag 18
ffj-baag 2
cdc-baag 1
fc-baag 2
beja-baag 2
1007
2
baef-baah 6
jab-baah 1
1008
4
baha-baai 10
bacb-baai 5
igj-baai 2
dgd-baai 2
1009
1
ceb-baaj 1
1010
5
ehi-baba 13
dfi-baba 1
bbfb-baba 1
haj-baba 1
jdf-baba 2
1011
3
djh-babb 64
ggi-babb 4
edh-babb 3
1012
5
beag-babc 12
if-babc 3
baif-babc 1
jga-babc 2
ege-babc 1
1013
3
dfe-babd 17
gec-babd 2
bddi-babd 1
1014
4
ebj-babe 34
ije-babe 4
dbj-babe 2
cjc-babe 1
1015
2
begj-babf 61
ceg-babf 2
1016
3
beba-babg 27
bdhd-babg 19
bbdj-babg 2
1017
2
cbg-babh 8
baia-babh 8
1018
3
baij-babi 70
cdb-babi 29
gd-babi 2
1019
3
fdc-babj 2
bbcg-babj 2
bfib-babj 1
1020
1
igh-baca 20
1021
6
bgbj-bacb 3
jg-bacb 2
bcje-bacb 2
heb-bacb 2
jce-bacb 1
jhb-bacb 2
1022
3
gdb-bacc 106
hbc-bacc 5
feg-bacc 2
1023
1
jgf-bacd 4
1024
2
bbcd-bace 4
dhb-bace 3
1025
1
ifd-bacf 3
1026
2
bgdb-bacg 3
cja-bacg 2
1027
3
bih-bach 14
baag-bach 1
fdd-bach 1
1028
2
ejc-baci 43
egi-baci 2
1029
4
iha-bacj 75
bada-bacj 5
ibj-bacj 3
ib-bacj 1
1030
4
gdb-bada 4
bbcf-bada 4
hej-bada 3
ecj-bada 1
1031
3
bdf-badb 12
bddf-badb 4
dcd-badb 2
1032
3
ifg-badc 40
hfg-badc 5
cad-badc 1
1033
3
bcac-badd 7
jc-badd 1
gh-badd 1
1034
1
ega-bade 17
1035
1
fgh-badf 18
1036
2
jhi-badg 2
bbbf-badg 2
1037
2
bbgj-badh 1
fhe-badh 2
1038
2
bbdi-badi 56
ghg-badi 1
1039
4
bjf-badj 30
bbhf-badj 3
ff-badj 2
ijj-badj 2
1040
4
hdd-baea 5
cid-baea 2
jgg-baea 2
he-baea 2
1041
4
bdcj-baeb 44
iag-baeb 4
bbaf-baeb 1
fd-baeb 2
1042
5
jha-baec 22
hbg-baec 12
jaa-baec 4
ccb-baec 2
bcac-baec 1
1043
1
djc-baed 41
1044
1
baeg-baee 32
1045
4
fi-baef 3
efd-baef 1
bdbf-baef 1
gj-baef 1
1046
4
bcef-baeg 8
jdc-baeg 3
hhd-baeg 3
baic-baeg 2
1047
2
dfd-baeh 2
ihg-baeh 1
1048
4
bcig-baei 21
bagg-baei 17
bhc-baei 2
chj-baei 1
1049
4
bbhh-baej 80
bdfj-baej 55
hih-baej 2
bdij-baej 1
1050
5
dgj-bafa 6
babe-bafa 6
jdj-bafa 3
cff-bafa 2
hgc-bafa 2
1051
4
gdg-bafb 28
bbbd-bafb 10
baah-bafb 3
bcji-bafb 2
1052
4
hii-bafc 12
bbef-bafc 1
gfg-bafc 1
jce-bafc 2
1053
2
cfa-bafd 7
fei-bafd 2
1054
3
fdd-bafe 31
dhc-bafe 2
bgf-bafe 1
1055
2
bfif-baff 150
hcj-baff 2
1056
1
fdd-bafg 46
1057
1
jbd-bafh 5
1058
4
bhj-bafi 4
chi-bafi 1
bag-bafi 1
bbgf-bafi 1
1059
3
hef-bafj 44
gfi-bafj 1
bcag-bafj 1
1060
2
bbag-baga 23
ded-baga 2
1061
2
fhb-bagb 160
bcgd-bagb 2
1062
1
gie-bagc 14
1063
3
hgd-bagd 4
beg-bagd 2
ibg-bagd 1
1064
4
jhf-bage 75
jfb-bage 6
babh-bage 2
bbcj-bage 1
1065
2
bede-bagf 80
bgd-bagf 7
1066
5
fcb-bagg 11
hgb-bagg 4
baie-bagg 3
jid-bagg 2
bbgh-bagg 1
1067
6
cgf-bagh 5
gje-bagh 5
ijg-bagh 2
cde-bagh 2
eab-bagh 1
jbd-bagh 2
1068
3
bcac-bagi 8
ehh-bagi 1
ggh-bagi 1
1069
3
jhd-bagj 49
bad-bagj 1
bgj-bagj 1
1070
2
bgcc-baha 51
bcgf-baha 21
1071
2
bgah-bahb 2
cgc-bahb 1
1072
1
hbg-bahc 5
1073
6
dbb-bahd 38
beij-bahd 7
efa-bahd 2
behd-bahd 2
dii-bahd 1
bcgf-bahd 1
1074
1
bcdi-bahe 12
1075
2
bagd-bahf 4
ffi-bahf 2
1076
2
gjc-bahg 236
bgc-bahg 2
1077
4
bahg-bahh 7
bedg-bahh 6
hea-bahh 2
jab-bahh 1
1078
4
ghc-bahi 13
hab-bahi 1
ceh-bahi 2
ia-bahi 1
1079
2
fbe-bahj 2
ghi-bahj 2
1080
3
bgg-baia 25
jif-baia 2
gaf-baia 1
1081
2
iac-baib 7
hih-baib 4
1082
3
iaa-baic 2
babi-baic 2
bcgg-baic 2
1083
2
bejd-baid 3
ib-baid 2
1084
5
iaf-baie 3
bade-baie 2
efc-baie 2
chg-baie 2
bai-baie 1
1085
1
jcb-baif 17
1086
4
edd-baig 5
hif-baig 5
jgh-baig 3
ihc-baig 1
1087
6
becj-baih 5
gcf-baih 2
bbgd-baih 2
bcej-baih 2
eea-baih 2
bcgf-baih 2
1088
2
bbab-baii 10
ffj-baii 3
1089
3
ife-baij 68
bha-baij 10
bfh-baij 1
1090
4
bcfj-baja 13
cdh-baja 7
bif-baja 5
cgg-baja 2
1091
3
bafj-bajb 8
ji-bajb 5
bdfg-bajb 3
1092
3
dhb-bajc 5
bbae-bajc 4
hih-bajc 1
1093
4
hha-bajd 9
bfjc-bajd 2
edc-bajd 1
hhg-bajd 2
1094
4
gfi-baje 28
iej-baje 17
bdab-baje 3
hhe-baje 2
1095
5
bbgi-bajf 34
jcd-bajf 2
jeb-bajf 2
bcje-bajf 2
eca-bajf 2
1096
2
cgf-bajg 1
fi-bajg 2
1097
2
hba-bajh 7
bia-bajh 5
1098
2
baje-baji 98
bhf-baji 2
1099
3
bajf-bajj 63
eci-bajj 2
ejh-bajj 1
1100
3
bcfa-bbaa 99
beeg-bbaa 1
ghb-bbaa 2
1101
2
bbfc-bbab 27
cde-bbab 1
1102
4
dce-bbac 50
iif-bbac 6
bejd-bbac 5
fed-bbac 3
1103
2
jbh-bbad 31
bbag-bbad 27
1104
6
gc-bbae 14
bgba-bbae 2
gid-bbae 1
bcfc-bbae 1
hg-bbae 1
eah-bbae 2
1105
2
eff-bbaf 6
hhg-bbaf 2
1106
1
gff-bbag 108
1107
4
beci-bbah 7
cja-bbah 6
fhe-bbah 4
bfjh-bbah 1
1108
3
bhj-bbai 8
bdch-bbai 2
bafj-bbai 1
1109
1
ich-bbaj 11
1110
5
hdb-bbba 30
cgd-bbba 2
jid-bbba 2
babb-bbba 2
hde-bbba 1
1111
1
hed-bbbb 9
1113
4
baec-bbbd 9
bgab-bbbd 7
bbh-bbbd 2
icb-bbbd 1
1114
3
bccj-bbbe 49
bcc-bbbe 19
dhj-bbbe 12
1115
3
cef-bbbf 2
gej-bbbf 1
faj-bbbf 1
1116
3
ief-bbbg 19
icb-bbbg 12
baci-bbbg 1
1117
2
ehg-bbbh 19
bagc-bbbh 6
1118
2
bac-bbbi 10
gee-bbbi 2
1119
3
bgdj-bbbj 8
bahe-bbbj 3
big-bbbj 2
1120
2
jcc-bbca 6
bdd-bbca 2
1121
6
jfd-bbcb 4
hih-bbcb 4
djj-bbcb 2
iee-bbcb 1
fbc-bbcb 1
ccc-bbcb 2
1122
2
hbd-bbcc 64
bgf-bbcc 4
1123
3
baii-bbcd 7
gje-bbcd 6
jjd-bbcd 2
1124
2
iff-bbce 10
gde-bbce 5
1125
2
fhc-bbcf 163
bbae-bbcf 2
1126
3
ccj-bbcg 10
bdid-bbcg 4
fcg-bbcg 2
1127
1
icb-bbch 15
1128
2
babh-bbci 12
bie-bbci 2
1129
2
hee-bbcj 11
bbbb-bbcj 2
1130
3
jde-bbda 46
bbji-bbda 2
ehh-bbda 1
1131
5
ifa-bbdb 20
idc-bbdb 17
hjj-bbdb 3
bfdj-bbdb 3
bbf-bbdb 1
1132
1
jh-bbdc 1
1133
5
bci-bbdd 18
beb-bbdd 4
gid-bbdd 4
eii-bbdd 3
fgh-bbdd 2
1134
1
jif-bbde 79
1135
3
gbi-bbdf 17
baed-bbdf 3
gbc-bbdf 2
1136
3
bgdc-bbdg 11
bhc-bbdg 6
bid-bbdg 2
1137
3
ghb-bbdh 12
bcjd-bbdh 4
eef-bbdh 1
1138
3
hbh-bbdi 26
baee-bbdi 8
bcba-bbdi 2
1139
1
ghi-bbdj 6
1140
3
df-bbea 8
cga-bbea 2
dfh-bbea 1
1141
5
ihd-bbeb 34
bbae-bbeb 15
bbde-bbeb 12
ji-bbeb 2
bffc-bbeb 1
1142
2
bcie-bbec 54
cai-bbec 1
1143
1
jc-bbed 6
1144
2
bdee-bbee 25
gcj-bbee 2
1145
4
fjb-bbef 30
badd-bbef 4
fjf-bbef 1
ce-bbef 2
1146
3
eca-bbeg 7
bcjg-bbeg 6
bgbc-bbeg 2
1147
2
eg-bbeh 15
ghj-bbeh 1
1148
2
gej-bbei 8
eif-bbei 5
1149
3
bcbb-bbej 49
fja-bbej 11
fci-bbej 11
1150
2
bacc-bbfa 15
jf-bbfa 1
1151
5
baji-bbfb 14
bbgg-bbfb 8
bdah-bbfb 2
ghj-bbfb 1
fgd-bbfb 1
1152
2
ibh-bbfc 46
bfej-bbfc 2
1153
4
eaa-bbfd 12
bdcj-bbfd 5
bdje-bbfd 2
ebc-bbfd 1
1154
2
bbgi-bbfe 23
chg-bbfe 2
1155
6
fcc-bbff 9
bdjd-bbff 9
ihi-bbff 4
hg-bbff 2
dbh-bbff 1
jig-bbff 2
1156
4
bfee-bbfg 52
fea-bbfg 5
eee-bbfg 2
bcjh-bbfg 2
1157
3
bbjg-bbfh 18
gec-bbfh 3
efd-bbfh 1
1158
3
bbej-bbfi 72
bfhb-bbfi 17
bace-bbfi 1
1159
4
ifc-bbfj 51
cbc-bbfj 11
babh-bbfj 2
cje-bbfj 2
1160
2
jbc-bbga 50
eji-bbga 7
1161
4
hi-bbgb 22
hgd-bbgb 4
jff-bbgb 2
iic-bbgb 1
1162
1
bafa-bbgc 30
1163
1
bgag-bbgd 45
1164
4
bbff-bbge 11
eb-bbge 10
ddd-bbge 2
ihg-bbge 2
1165
1
fcj-bbgf 7
1166
4
bdai-bbgg 6
bcde-bbgg 2
gfh-bbgg 1
ca-bbgg 2
1167
1
bbei-bbgh 10
1168
4
jgi-bbgi 50
bfi-bbgi 2
bdgi-bbgi 2
jab-bbgi 2
1169
4
bejh-bbgj 8
eah-bbgj 7
bbcj-bbgj 1
hjc-bbgj 2
1170
2
begi-bbha 40
fbe-bbha 5
1171
2
iec-bbhb 110
djd-bbhb 3
1172
3
cbh-bbhc 6
bca-bbhc 1
jdi-bbhc 1
1173
4
j-bbhd 11
bdb-bbhd 8
bced-bbhd 4
ece-bbhd 1
1174
4
bbgb-bbhe 16
id-bbhe 2
gfe-bbhe 1
fh-bbhe 2
1175
3
dia-bbhf 89
baif-bbhf 2
bfec-bbhf 2
1177
2
beee-bbhh 149
bcjf-bbhh 12
1178
2
hgi-bbhi 15
bfge-bbhi 2
1179
1
c-bbhj 1
1180
3
edb-bbia 7
ei-bbia 7
ij-bbia 2
1181
1
bdi-bbib 79
1182
2
iab-bbic 79
befc-bbic 2
1183
1
bbdd-bbid 50
1184
3
def-bbie 7
dee-bbie 3
bbhj-bbie 2
1185
2
dcj-bbif 22
bij-bbif 3
1186
1
cig-bbig 2
1187
2
gc-bbih 27
bfd-bbih 3
1188
2
bfgf-bbii 130
jhc-bbii 2
1189
3
bbdf-bbij 13
beci-bbij 1
cdd-bbij 1
1190
2
fec-bbja 83
bacb-bbja 19
1191
2
ffj-bbjb 2
gje-bbjb 2
1192
3
ii-bbjc 5
bbha-bbjc 2
bhc-bbjc 2
1193
1
jig-bbjd 4
1194
1
cbd-bbje 66
1195
4
haj-bbjf 41
jbg-bbjf 15
fcj-bbjf 1
dji-bbjf 2
1196
3
bagj-bbjg 50
bbfe-bbjg 12
hjb-bbjg 2
1197
2
bcjb-bbjh 17
jih-bbjh 3
1198
3
hhi-bbji 6
bch-bbji 4
ijh-bbji 4
1199
1
cig-bbjj 2
1200
2
bgb-bcaa 28
bbie-bcaa 3
1201
4
gce-bcab 2
bchi-bcab 1
jjj-bcab 2
dfi-bcab 1
1202
3
fa-bcac 11
hac-bcac 3
had-bcac 2
1203
3
bgcb-bcad 31
bdf-bcad 14
hcd-bcad 1
1204
2
ibg-bcae 18
bdaj-bcae 6
1205
3
bcda-bcaf 46
bbha-bcaf 15
jh-bcaf 1
1206
2
bgch-bcag 32
babb-bcag 2
1207
1
eed-bcah 455
1208
1
bbcj-bcai 11
1209
1
bbji-bcaj 38
1210
2
ejb-bcba 2
gfc-bcba 1
1211
3
die-bcbb 26
bdbj-bcbb 20
hag-bcbb 3
1212
5
bafj-bcbc 20
dbe-bcbc 4
bbai-bcbc 2
ef-bcbc 2
bcij-bcbc 1
1213
1
baca-bcbd 3
1214
2
bdd-bcbe 18
gda-bcbe 10
1215
2
bged-bcbf 4
igc-bcbf 3
1216
3
iea-bcbg 24
behc-bcbg 4
dbh-bcbg 2
1217
1
bhg-bcbh 1
1218
3
jdd-bcbi 5
jcf-bcbi 2
bfcf-bcbi 2
1219
3
hjj-bcbj 2
hgc-bcbj 2
bcch-bcbj 2
1220
4
jfe-bcca 79
behj-bcca 1
fb-bcca 1
bdhj-bcca 2
1221
3
cid-bccb 12
egb-bccb 9
bcag-bccb 2
1222
1
edj-bccc 2
1223
3
bfed-bccd 45
behg-bccd 21
ced-bccd 2
1224
2
eci-bcce 6
iib-bcce 3
1225
2
bfhd-bccf 96
bajb-bccf 7
1226
2
begg-bccg 15
badf-bccg 4
1227
1
hjg-bcch 4
1228
2
hjd-bcci 179
bcae-bcci 14
1229
6
gbe-bccj 13
hci-bccj 6
cfg-bccj 4
bg-bccj 1
dci-bccj 2
bdeb-bccj 1
1230
3
dh-bcda 36
ijd-bcda 10
beii-bcda 1
1231
3
bbeb-bcdb 111
baci-bcdb 5
bddd-bcdb 1
1232
4
bccd-bcdc 38
bcj-bcdc 3
bfga-bcdc 2
ghb-bcdc 2
1233
3
bagh-bcdd 19
bdid-bcdd 6
bbfh-bcdd 4
1234
5
beje-bcde 3
baji-bcde 3
gic-bcde 1
cba-bcde 2
bcha-bcde 2
1235
1
bbef-bcdf 142
1236
3
hjc-bcdg 35
chc-bcdg 12
jje-bcdg 8
1237
2
faf-bcdh 5
bchf-bcdh 2
1238
3
cfg-bcdi 15
hee-bcdi 9
becb-bcdi 1
1239
1
fdb-bcdj 255
1240
1
becb-bcea 36
1241
2
idj-bceb 5
bfcf-bceb 2
1242
1
dgj-bcec 2
1243
1
bcjd-bced 20
1244
6
bdja-bcee 1
ffd-bcee 1
iai-bcee 1
gdf-bcee 1
ejh-bcee 2
bdca-bcee 2
1245
2
fbj-bcef 30
fbb-bcef 2
1246
1
cca-bceg 4
1247
4
bdae-bceh 3
bbdf-bceh 2
fab-bceh 1
bge-bceh 2
1248
1
bci-bcei 8
1249
3
jfh-bcej 2
gif-bcej 1
ef-bcej 1
1250
2
jfh-bcfa 144
djh-bcfa 4
1252
2
cig-bcfc 3
jbj-bcfc 2
1253
3
idg-bcfd 18
jeh-bcfd 1
beie-bcfd 2
1254
1
jh-bcfe 9
1255
4
begg-bcff 13
hfh-bcff 4
iie-bcff 4
ddd-bcff 1
1256
2
fjj-bcfg 5
bcje-bcfg 1
1257
1
egd-bcfh 9
1258
1
ihe-bcfi 22
1259
4
bchb-bcfj 22
ibc-bcfj 1
cig-bcfj 1
jii-bcfj 2
1260
1
ghc-bcga 4
1261
2
eai-bcgb 44
jae-bcgb 16
1262
2
beih-bcgc 11
bahc-bcgc 1
1263
1
gba-bcgd 1
1264
3
baih-bcge 5
bgh-bcge 2
bddi-bcge 2
1265
1
bbga-bcgf 47
1266
2
bfhf-bcgg 158
beej-bcgg 1
1267
2
bdjg-bcgh 13
cbj-bcgh 2
1268
4
fca-bcgi 8
hce-bcgi 7
bge-bcgi 2
bfh-bcgi 1
1269
3
beae-bcgj 17
bdbg-bcgj 11
bfci-bcgj 5
1270
2
deh-bcha 3
dgg-bcha 2
1271
2
bdfj-bchb 39
hhd-bchb 6
1272
2
cej-bchc 20
bdb-bchc 2
1273
2
jbd-bchd 21
bdaf-bchd 19
1274
2
gcd-bche 4
becg-bche 4
1275
2
bfag-bchf 35
hdj-bchf 6
1276
4
bebi-bchg 28
hga-bchg 10
hhj-bchg 7
idc-bchg 2
1277
5
bcjj-bchh 7
bbij-bchh 2
hhi-bchh 2
bcjb-bchh 1
cjb-bchh 1
1278
2
bcdj-bchi 4
ifh-bchi 3
1279
1
jcd-bchj 37
1280
5
bgec-bcia 3
hid-bcia 1
hhg-bcia 1
baid-bcia 1
ibc-bcia 2
1281
4
bfgd-bcib 9
bje-bcib 9
dde-bcib 3
bdcc-bcib 2
1283
1
bede-bcid 1
1284
3
eic-bcie 40
bbgh-bcie 3
bebd-bcie 2
1285
2
bdjb-bcif 3
jhh-bcif 1
1286
1
fae-bcig 113
1287
1
cae-bcih 46
1288
3
jeh-bcii 4
cga-bcii 3
bafh-bcii 1
1289
1
ebd-bcij 18
1290
3
hhd-bcja 33
bbfi-bcja 19
ica-bcja 4
1291
2
dba-bcjb 14
bcaa-bcjb 7
1292
2
bbdg-bcjc 3
bbaf-bcjc 3
1293
1
hdf-bcjd 44
1294
1
bbfh-bcje 19
1295
4
bdjc-bcjf 13
dde-bcjf 8
bedc-bcjf 3
fda-bcjf 2
1296
2
eii-bcjg 10
jce-bcjg 1
1297
1
dch-bcjh 2
1298
2
ida-bcji 5
dg-bcji 2
1299
2
bfgi-bcjj 11
fig-bcjj 7
1300
3
edh-bdaa 18
gcj-bdaa 3
eba-bdaa 2
1301
2
iji-bdab 9
bdib-bdab 7
1302
2
cgb-bdac 17
gba-bdac 13
1303
3
ch-bdad 2
dja-bdad 2
jdi-bdad 1
1304
2
bahi-bdae 22
bbif-bdae 20
1305
1
ga-bdaf 38
1306
1
badg-bdag 2
1307
2
ibd-bdah 3
beeg-bdah 2
1308
2
baij-bdai 8
bajh-bdai 4
1309
2
hed-bdaj 5
je-bdaj 5
1310
1
bbch-bdba 15
1311
1
jeh-bdbb 3
1312
1
bcgf-bdbc 2
1314
1
hh-bdbe 11
1315
1
hf-bdbf 2
1316
3
bfii-bdbg 11
hdj-bdbg 9
ddc-bdbg 9
1317
1
jhg-bdbh 45
1318
2
dbc-bdbi 11
bfbc-bdbi 3
1319
4
gid-bdbj 31
jfa-bdbj 24
dhe-bdbj 11
bbci-bdbj 5
1320
1
fej-bdca 2
1321
2
ibj-bdcb 27
cii-bdcb 7
1322
2
bdhf-bdcc 85
iig-bdcc 12
1323
2
bdgd-bdcd 12
bbcb-bdcd 8
1324
1
jfc-bdce 17
1325
1
faa-bdcf 17
1326
1
bce-bdcg 29
1327
2
hgc-bdch 46
cac-bdch 26
1328
2
efh-bdci 19
ci-bdci 5
1329
2
jjc-bdcj 56
feb-bdcj 43
1330
2
efh-bdda 18
bebj-bdda 3
1331
1
bbbg-bddb 3
1333
2
bcbf-bddd 6
daa-bddd 3
1334
2
jif-bdde 6
bid-bdde 2
1335
3
bbcc-bddf 2
bbbg-bddf 1
gig-bddf 2
1336
1
badj-bddg 19
1337
1
bffa-bddh 8
1338
1
fjg-bddi 8
1339
3
bbbe-bddj 58
bcaf-bddj 51
bj-bddj 1
1340
1
dc-bdea 178
1341
2
bdif-bdeb 20
jaf-bdeb 11
1342
4
bfaf-bdec 43
ida-bdec 2
cca-bdec 1
bfeg-bdec 1
1343
2
befd-bded 27
bbbi-bded 2
1344
3
gii-bdee 10
bcie-bdee 4
cgc-bdee 2
1345
2
hbe-bdef 53
bbeg-bdef 6
1346
3
hdh-bdeg 2
bgfb-bdeg 2
iai-bdeg 2
1347
2
cfc-bdeh 3
ecj-bdeh 2
1348
1
bccd-bdei 21
1349
2
jag-bdej 14
bfaa-bdej 11
1350
3
hdb-bdfa 12
bje-bdfa 8
jjf-bdfa 2
1351
2
ijg-bdfb 39
icf-bdfb 2
1352
1
hdc-bdfc 3
1353
2
bec-bdfd 31
efb-bdfd 6
1354
2
gdf-bdfe 36
bfeg-bdfe 22
1355
1
jga-bdff 146
1356
2
bdic-bdfg 6
bib-bdfg 2
1357
2
bacc-bdfh 29
bege-bdfh 12
1358
2
becc-bdfi 153
jcf-bdfi 4
1359
3
hae-bdfj 79
bbjf-bdfj 20
cdf-bdfj 2
1360
4
ihf-bdga 21
bafa-bdga 10
ehh-bdga 5
begc-bdga 3
1361
3
bead-bdgb 71
hig-bdgb 4
fca-bdgb 1
1362
2
eba-bdgc 88
bcbd-bdgc 1
1363
2
gbc-bdgd 14
gga-bdgd 2
1364
1
baej-bdge 539
1365
3
bfbe-bdgf 69
fcc-bdgf 14
gdb-bdgf 1
1366
1
fbh-bdgg 11
1367
2
ghj-bdgh 6
eea-bdgh 3
1368
2
bdj-bdgi 39
bdjb-bdgi 27
1369
2
bgdi-bdgj 4
hhh-bdgj 2
1370
3
behi-bdha 2
daj-bdha 1
gfj-bdha 1
1371
2
hbh-bdhb 43
haf-bdhb 4
1372
2
bahg-bdhc 218
jei-bdhc 1
1373
2
bcbg-bdhd 36
bae-bdhd 10
1374
4
bagb-bdhe 71
jjj-bdhe 10
ecc-bdhe 6
baia-bdhe 1
1375
2
bfae-bdhf 80
bcdh-bdhf 6
1376
1
efd-bdhg 26
1377
1
bdfd-bdhh 58
1378
3
ccf-bdhi 75
ihe-bdhi 8
hb-bdhi 5
1379
1
iah-bdhj 7
1380
2
jgg-bdia 23
bgff-bdia 10
1381
1
bcfi-bdib 17
1382
1
hhg-bdic 12
1383
1
beh-bdid 43
1384
1
igc-bdie 19
1385
2
fgc-bdif 13
f-bdif 8
1386
2
bdge-bdig 265
bajc-bdig 2
1387
1
ijf-bdih 2
1388
2
cch-bdii 28
fbg-bdii 1
1389
1
fbg-bdij 6
1390
2
bbhb-bdja 100
bdeb-bdja 3
1391
1
bchd-bdjb 59
1392
2
bfbb-bdjc 17
ifh-bdjc 11
1393
1
eca-bdjd 60
1394
3
bacj-bdje 7
cge-bdje 1
bbjb-bdje 1
1395
1
jig-bdjf 47
1396
1
bdef-bdjg 47
1397
2
bfdf-bdjh 7
baj-bdjh 2
1398
2
egb-bdji 9
bej-bdji 1
1399
2
bccf-bdjj 87
cb-bdjj 1
1400
2
bcfj-beaa 3
eeb-beaa 3
1401
2
bdde-beab 4
baai-beab 3
1403
2
bib-bead 90
bafg-bead 19
1404
1
bdch-beae 53
1405
1
geb-beaf 5
1406
1
cci-beag 60
1407
3
bgfc-beah 9
bche-beah 2
jie-beah 1
1408
1
ida-beai 44
1409
2
dea-beaj 35
bcea-beaj 2
1410
3
bbf-beba 27
bbcb-beba 12
bfg-beba 3
1411
1
bgf-bebb 3
1412
1
bbah-bebc 7
1413
2
bejj-bebd 8
babc-bebd 1
1414
1
bccd-bebe 31
1415
2
bbfj-bebf 125
ghb-bebf 12
1416
1
idj-bebg 3
1417
2
bbgc-bebh 2
dag-bebh 2
1418
1
fad-bebi 130
1419
1
bbec-bebj 17
1420
2
jjf-beca 4
ddg-beca 2
1421
3
bfbj-becb 10
bcg-becb 2
jed-becb 1
1422
2
haf-becc 137
bcc-becc 15
1423
2
bbii-becd 101
fba-becd 51
1424
1
fii-bece 15
1425
2
hce-becf 8
fed-becf 2
1426
1
bagi-becg 24
1427
1
dfj-bech 2
1428
1
bbgj-beci 51
1429
2
hec-becj 45
bdbi-becj 2
1430
3
bfhh-beda 56
cbd-beda 47
bc-beda 3
1431
1
bebd-bedb 11
1432
2
bfaj-bedc 5
baic-bedc 1
1433
1
ceg-bedd 8
1434
2
bbda-bede 75
hf-bede 6
1435
2
ebh-bedf 103
djf-bedf 1
1436
2
jbg-bedg 13
gfg-bedg 2
1437
2
bgai-bedh 55
baha-bedh 37
1438
2
iib-bedi 49
bfba-bedi 1
1439
1
igd-bedj 19
1441
2
hcf-beeb 50
bbee-beeb 11
1442
1
jba-beec 26
1443
3
becd-beed 58
bfih-beed 33
dgj-beed 1
1444
2
eff-beee 130
hhc-beee 20
1445
2
icf-beef 45
hhf-beef 4
1446
3
bdeb-beeg 18
he-beeg 10
befc-beeg 2
1447
1
bdgc-beeh 140
1448
1
bdcg-beei 17
1449
1
cge-beej 2
1450
2
cbc-befa 92
ebe-befa 11
1451
1
babd-befb 54
1452
1
bchf-befc 7
1453
3
iia-befd 12
dci-befd 4
chj-befd 2
1454
1
fif-befe 5
1455
2
fid-beff 138
hc-beff 3
1456
1
bah-befg 50
1457
1
heh-befh 2
1458
1
bahf-befi 2
1459
1
bdgc-befj 33
1460
1
gca-bega 12
1461
1
iie-begb 8
1462
2
bgad-begc 3
ghf-begc 3
1463
1
bdgi-begd 125
1464
2
babb-bege 8
bdci-bege 4
1465
1
dfc-begf 1
1466
2
ifb-begg 40
bfai-begg 10
1467
1
eac-begh 5
1468
1
cff-begi 80
1469
2
bbfb-begj 59
eef-begj 1
1470
3
hcj-beha 16
cji-beha 4
bebd-beha 1
1471
1
bfdh-behb 166
1472
1
ifa-behc 12
1473
1
eda-behd 7
1474
3
bgaa-behe 20
baja-behe 5
ihd-behe 4
1475
1
hdf-behf 9
1476
1
iei-behg 104
1477
1
bcgg-behh 319
1478
2
bgde-behi 53
bjh-behi 7
1479
3
dbd-behj 2
dcd-behj 1
ihb-behj 2
1480
1
ffd-beia 2
1481
1
bdaj-beib 6
1482
3
dg-beic 29
bbb-beic 3
ec-beic 3
1483
2
iai-beid 27
bdje-beid 10
1484
1
cgc-beie 2
1485
3
gab-beif 111
hfb-beif 8
cii-beif 3
1486
2
bedd-beig 2
baf-beig 2
1487
2
ijd-beih 160
dcc-beih 31
1488
1
cbe-beii 4
1489
2
bah-beij 22
che-beij 2
1490
1
cid-beja 5
1491
1
bace-bejb 8
1493
1
badc-bejd 28
1494
1
baag-beje 22
1495
1
jhi-bejf 15
1496
2
bcag-bejg 20
cha-bejg 4
1497
1
bdaa-bejh 49
1498
2
dcf-beji 10
ifa-beji 4
1499
1
cdg-bejj 26
1500
2
ccd-bfaa 7
bhf-bfaa 3
1501
1
fbi-bfab 3
1503
1
jhc-bfad 22
1504
3
ecc-bfae 26
bfah-bfae 25
bai-bfae 2
1505
2
bedh-bfaf 86
hbb-bfaf 1
1506
2
jai-bfag 59
bdad-bfag 5
1507
1
jbf-bfah 76
1508
1
bcaj-bfai 18
1509
1
bcjd-bfaj 10
1510
1
bdgg-bfba 11
1511
1
hda-bfbb 34
1512
1
ijd-bfbc 12
1513
3
fia-bfbd 6
dcg-bfbd 4
bbjd-bfbd 2
1514
1
behh-bfbe 208
1515
2
efe-bfbf 120
bdga-bfbf 70
1516
1
hih-bfbg 44
1518
1
jjc-bfbi 5
1519
1
beif-bfbj 34
1520
1
ghc-bfca 95
1521
3
gaj-bfcb 76
bbba-bfcb 27
gfa-bfcb 2
1522
1
gga-bfcc 17
1523
3
bdbj-bfcd 72
bcdc-bfcd 51
ggc-bfcd 3
1524
1
jh-bfce 10
1525
1
bca-bfcf 10
1526
3
cjc-bfcg 41
bgdj-bfcg 19
bfgg-bfcg 4
1527
1
bafe-bfch 64
1528
1
fjb-bfci 17
1529
2
dif-bfcj 5
gh-bfcj 4
1530
2
baai-bfda 26
bgce-bfda 2
1531
1
iih-bfdb 25
1532
1
bfbc-bfdc 5
1533
1
bcgh-bfdd 2
1534
1
jgf-bfde 66
1535
1
ddf-bfdf 13
1536
1
bdfi-bfdg 311
1537
1
bdec-bfdh 167
1538
2
fgc-bfdi 16
ihc-bfdi 2
1539
2
bddd-bfdj 7
dgg-bfdj 2
1540
1
jdg-bfea 20
1541
1
ggf-bfeb 51
1542
2
bdge-bfec 2
edg-bfec 2
1543
2
iia-bfed 117
iea-bfed 112
1544
2
fhi-bfee 56
dae-bfee 48
1545
4
ied-bfef 18
faa-bfef 4
bgaf-bfef 2
bgda-bfef 2
1546
1
dfb-bfeg 47
1547
1
fdc-bfeh 12
1548
1
cbf-bfei 3
1549
1
bdia-bfej 5
1550
1
iab-bffa 6
1551
1
bda-bffb 22
1552
1
iai-bffc 5
1553
1
egi-bffd 3
1554
1
jai-bffe 2
1555
1
becg-bfff 16
1556
1
gci-bffg 43
1557
1
ghi-bffh 35
1558
1
ed-bffi 19
1559
1
eda-bffj 45
1560
2
dcg-bfga 1
bfj-bfga 2
1561
2
beif-bfgb 167
bcfj-bfgb 18
1562
1
bdac-bfgc 14
1563
1
ihj-bfgd 50
1564
1
chj-bfge 3
1565
2
bgga-bfgf 128
eig-bfgf 2
1566
1
ec-bfgg 13
1567
1
bbie-bfgh 5
1568
3
bgej-bfgi 60
fea-bfgi 6
bgee-bfgi 1
1570
1
cga-bfha 9
1571
1
bhg-bfhb 51
1572
1
dgd-bfhc 8
1573
1
bdgb-bfhd 233
1574
1
bfi-bfhe 368
1575
2
jjj-bfhf 151
ded-bfhf 7
1576
2
bfhi-bfhg 59
ibi-bfhg 13
1577
1
ibh-bfhh 168
1578
1
ice-bfhi 232
1579
2
bejj-bfhj 4
gih-bfhj 2
1580
1
df-bfia 28
1581
1
bdca-bfib 1
1582
2
igc-bfic 9
bgfg-bfic 7
1583
1
hfa-bfid 8
1584
1
ceh-bfie 2
1585
2
dfi-bfif 147
caa-bfif 3
1587
1
cif-bfih 100
1588
2
hjg-bfii 12
edc-bfii 3
1589
1
gih-bfij 24
1590
1
bie-bfja 17
1591
1
icj-bfjb 23
1592
1
bej-bfjc 28
1593
1
bajd-bfjd 10
1594
1
bfba-bfje 8
1595
1
cdg-bfjf 116
1596
1
bdej-bfjg 46
1597
1
bcga-bfjh 2
1598
1
bebd-bfji 2
1599
1
hhg-bfjj 16
1600
1
bcdd-bgaa 62
1601
1
fga-bgab 32
1602
1
babg-bgac 42
1603
1
bdba-bgad 5
1604
1
bajd-bgae 38
1605
1
beab-bgaf 8
1606
1
bed-bgag 45
1607
1
bdhi-bgah 4
1608
1
baji-bgai 109
1609
1
egb-bgaj 62
1610
1
ddd-bgba 8
1611
1
dib-bgbb 8
1612
1
bba-bgbc 6
1613
2
bfje-bgbd 4
bfb-bgbd 2
1614
1
bfhe-bgbe 292
1615
1
bbfa-bgbf 5
1616
1
dff-bgbg 32
1617
2
bgfh-bgbh 10
ece-bgbh 3
1618
1
bfjc-bgbi 20
1619
1
cbj-bgbj 18
1620
1
hjh-bgca 2
1621
1
icd-bgcb 94
1622
2
dga-bgcc 48
bdbe-bgcc 3
1624
1
bacd-bgce 1
1625
1
cib-bgcf 109
1626
1
cba-bgcg 135
1627
1
cga-bgch 62
1628
2
hje-bgci 118
bda-bgci 14
1629
1
beeg-bgcj 85
1630
1
bcai-bgda 8
1631
1
jdd-bgdb 21
1632
1
gbb-bgdc 35
1633
3
ede-bgdd 25
bhf-bgdd 2
bffd-bgdd 2
1634
1
beic-bgde 108
1635
1
bbia-bgdf 19
1636
1
baf-bgdg 20
1637
1
hhh-bgdh 3
1638
2
bach-bgdi 3
jdi-bgdi 2
1639
1
jdb-bgdj 85
1640
1
bcia-bgea 14
1641
1
ega-bgeb 76
1642
2
djd-bgec 6
bacg-bgec 3
1643
1
behi-bged 9
1644
1
hjf-bgee 2
1645
1
fed-bgef 11
1646
1
baca-bgeg 15
1647
1
bece-bgeh 6
1648
1
bgca-bgei 2
1649
1
jej-bgej 180
1650
1
bddj-bgfa 233
1651
1
bhh-bgfb 5
1652
1
bfjg-bgfc 29
1653
2
gif-bgfd 142
ddb-bgfd 2
1654
1
bfcf-bgfe 5
1655
1
bcgh-bgff 21
1656
1
bce-bgfg 15
1657
1
bgbi-bgfh 20
1658
1
bie-bgfi 2
1659
1
eef-bgfj 36
1660
1
bdhi-bgga 258
1661
1
bdhg-bggb 8
